<?xml version="1.0" encoding="UTF-8"?>
<testsuite name="com.travismclarke.DummyServiceApplicationTests" tests="1" skipped="0" failures="0" errors="0"
           timestamp="2017-03-29T01:26:48" hostname="Travis-Clarke-MacBook-Pro.local" time="0.071">
    <properties/>
    <testcase name="contextLoads" classname="com.travismclarke.DummyServiceApplicationTests" time="0.071"/>
    <system-out><![CDATA[18:26:24.169 [Test worker] DEBUG org.springframework.test.context.junit4.SpringJUnit4ClassRunner - SpringJUnit4ClassRunner constructor called with [class com.travismclarke.DummyServiceApplicationTests]
18:26:24.182 [Test worker] DEBUG org.springframework.test.context.BootstrapUtils - Instantiating CacheAwareContextLoaderDelegate from class [org.springframework.test.context.cache.DefaultCacheAwareContextLoaderDelegate]
18:26:24.209 [Test worker] DEBUG org.springframework.test.context.BootstrapUtils - Instantiating BootstrapContext using constructor [public org.springframework.test.context.support.DefaultBootstrapContext(java.lang.Class,org.springframework.test.context.CacheAwareContextLoaderDelegate)]
18:26:24.370 [Test worker] DEBUG org.springframework.test.context.BootstrapUtils - Instantiating TestContextBootstrapper for test class [com.travismclarke.DummyServiceApplicationTests] from class [org.springframework.boot.test.context.SpringBootTestContextBootstrapper]
18:26:24.434 [Test worker] INFO org.springframework.boot.test.context.SpringBootTestContextBootstrapper - Neither @ContextConfiguration nor @ContextHierarchy found for test class [com.travismclarke.DummyServiceApplicationTests], using SpringBootContextLoader
18:26:24.444 [Test worker] DEBUG org.springframework.test.context.support.AbstractContextLoader - Did not detect default resource location for test class [com.travismclarke.DummyServiceApplicationTests]: class path resource [com/travismclarke/DummyServiceApplicationTests-context.xml] does not exist
18:26:24.497 [Test worker] DEBUG org.springframework.test.context.support.AbstractContextLoader - Did not detect default resource location for test class [com.travismclarke.DummyServiceApplicationTests]: class path resource [com/travismclarke/DummyServiceApplicationTestsContext.groovy] does not exist
18:26:24.500 [Test worker] INFO org.springframework.test.context.support.AbstractContextLoader - Could not detect default resource locations for test class [com.travismclarke.DummyServiceApplicationTests]: no resource found for suffixes {-context.xml, Context.groovy}.
18:26:24.653 [Test worker] DEBUG org.springframework.test.context.support.ActiveProfilesUtils - Could not find an 'annotation declaring class' for annotation type [org.springframework.test.context.ActiveProfiles] and class [com.travismclarke.DummyServiceApplicationTests]
18:26:24.867 [Test worker] DEBUG org.springframework.boot.test.context.SpringBootTestContextBootstrapper - @TestExecutionListeners is not present for class [com.travismclarke.DummyServiceApplicationTests]: using defaults.
18:26:24.883 [Test worker] INFO org.springframework.boot.test.context.SpringBootTestContextBootstrapper - Loaded default TestExecutionListener class names from location [META-INF/spring.factories]: [org.springframework.boot.test.mock.mockito.MockitoTestExecutionListener, org.springframework.boot.test.mock.mockito.ResetMocksTestExecutionListener, org.springframework.boot.test.autoconfigure.restdocs.RestDocsTestExecutionListener, org.springframework.boot.test.autoconfigure.web.client.MockRestServiceServerResetTestExecutionListener, org.springframework.boot.test.autoconfigure.web.servlet.MockMvcPrintOnlyOnFailureTestExecutionListener, org.springframework.boot.test.autoconfigure.web.servlet.WebDriverTestExecutionListener, org.springframework.test.context.web.ServletTestExecutionListener, org.springframework.test.context.support.DirtiesContextBeforeModesTestExecutionListener, org.springframework.test.context.support.DependencyInjectionTestExecutionListener, org.springframework.test.context.support.DirtiesContextTestExecutionListener, org.springframework.test.context.transaction.TransactionalTestExecutionListener, org.springframework.test.context.jdbc.SqlScriptsTestExecutionListener]
18:26:24.981 [Test worker] INFO org.springframework.boot.test.context.SpringBootTestContextBootstrapper - Could not instantiate TestExecutionListener [org.springframework.test.context.jdbc.SqlScriptsTestExecutionListener]. Specify custom listener classes or make the default listener classes (and their required dependencies) available. Offending class: [org/springframework/transaction/interceptor/TransactionAttribute]
18:26:24.996 [Test worker] INFO org.springframework.boot.test.context.SpringBootTestContextBootstrapper - Could not instantiate TestExecutionListener [org.springframework.test.context.transaction.TransactionalTestExecutionListener]. Specify custom listener classes or make the default listener classes (and their required dependencies) available. Offending class: [org/springframework/transaction/interceptor/TransactionAttributeSource]
18:26:25.001 [Test worker] INFO org.springframework.boot.test.context.SpringBootTestContextBootstrapper - Using TestExecutionListeners: [org.springframework.test.context.web.ServletTestExecutionListener@2579b44e, org.springframework.test.context.support.DirtiesContextBeforeModesTestExecutionListener@17bd0dae, org.springframework.boot.test.autoconfigure.SpringBootDependencyInjectionTestExecutionListener@56071aaa, org.springframework.test.context.support.DirtiesContextTestExecutionListener@33c6aae0, org.springframework.boot.test.autoconfigure.web.servlet.MockMvcPrintOnlyOnFailureTestExecutionListener@5b75a312, org.springframework.boot.test.mock.mockito.MockitoTestExecutionListener@24da15af, org.springframework.boot.test.autoconfigure.web.servlet.WebDriverTestExecutionListener@4ae699d4, org.springframework.boot.test.mock.mockito.ResetMocksTestExecutionListener@4cf1abc2, org.springframework.boot.test.autoconfigure.web.client.MockRestServiceServerResetTestExecutionListener@3aeaec7d, org.springframework.boot.test.autoconfigure.restdocs.RestDocsTestExecutionListener@4ee9e1e2]
18:26:25.013 [Test worker] DEBUG org.springframework.test.annotation.ProfileValueUtils - Retrieved @ProfileValueSourceConfiguration [null] for test class [com.travismclarke.DummyServiceApplicationTests]
18:26:25.014 [Test worker] DEBUG org.springframework.test.annotation.ProfileValueUtils - Retrieved ProfileValueSource type [class org.springframework.test.annotation.SystemProfileValueSource] for class [com.travismclarke.DummyServiceApplicationTests]
18:26:25.016 [Test worker] DEBUG org.springframework.test.annotation.ProfileValueUtils - Retrieved @ProfileValueSourceConfiguration [null] for test class [com.travismclarke.DummyServiceApplicationTests]
18:26:25.017 [Test worker] DEBUG org.springframework.test.annotation.ProfileValueUtils - Retrieved ProfileValueSource type [class org.springframework.test.annotation.SystemProfileValueSource] for class [com.travismclarke.DummyServiceApplicationTests]
18:26:25.161 [Test worker] DEBUG org.springframework.test.context.support.AbstractDirtiesContextTestExecutionListener - Before test class: context [DefaultTestContext@47b7d560 testClass = DummyServiceApplicationTests, testInstance = [null], testMethod = [null], testException = [null], mergedContextConfiguration = [WebMergedContextConfiguration@26ff76bd testClass = DummyServiceApplicationTests, locations = '{}', classes = '{class com.travismclarke.DummyServiceApplication, class com.travismclarke.DummyServiceApplication}', contextInitializerClasses = '[]', activeProfiles = '{}', propertySourceLocations = '{}', propertySourceProperties = '{org.springframework.boot.test.context.SpringBootTestContextBootstrapper=true}', contextCustomizers = set[org.springframework.boot.test.context.SpringBootTestContextCustomizer@16c1261f, org.springframework.boot.test.context.filter.ExcludeFilterContextCustomizer@6db79aac, org.springframework.boot.test.mock.mockito.MockitoContextCustomizer@0, org.springframework.boot.test.autoconfigure.properties.PropertyMappingContextCustomizer@0, org.springframework.boot.test.autoconfigure.web.servlet.WebDriverContextCustomizerFactory$Customizer@294950f3, org.springframework.test.context.web.socket.MockServerContainerContextCustomizer@258176cc], resourceBasePath = 'src/main/webapp', contextLoader = 'org.springframework.boot.test.context.SpringBootContextLoader', parent = [null]]], class annotated with @DirtiesContext [false] with mode [null].
18:26:25.162 [Test worker] DEBUG org.springframework.test.annotation.ProfileValueUtils - Retrieved @ProfileValueSourceConfiguration [null] for test class [com.travismclarke.DummyServiceApplicationTests]
18:26:25.163 [Test worker] DEBUG org.springframework.test.annotation.ProfileValueUtils - Retrieved ProfileValueSource type [class org.springframework.test.annotation.SystemProfileValueSource] for class [com.travismclarke.DummyServiceApplicationTests]
18:26:25.555 [Test worker] DEBUG org.springframework.core.env.StandardEnvironment - Adding [systemProperties] PropertySource with lowest search precedence
18:26:25.557 [Test worker] DEBUG org.springframework.core.env.StandardEnvironment - Adding [systemEnvironment] PropertySource with lowest search precedence
18:26:25.558 [Test worker] DEBUG org.springframework.core.env.StandardEnvironment - Initialized StandardEnvironment with PropertySources [systemProperties,systemEnvironment]
18:26:25.566 [Test worker] DEBUG org.springframework.test.context.support.TestPropertySourceUtils - Adding inlined properties to environment: {spring.jmx.enabled=false, org.springframework.boot.test.context.SpringBootTestContextBootstrapper=true, server.port=-1}
18:26:25.567 [Test worker] DEBUG org.springframework.core.env.StandardEnvironment - Adding [Inlined Test Properties] PropertySource with highest search precedence
2017-03-28 18:26:29.414  INFO 13298 --- [    Test worker] s.c.a.AnnotationConfigApplicationContext : Refreshing org.springframework.context.annotation.AnnotationConfigApplicationContext@66a1b290: startup date [Tue Mar 28 18:26:29 PDT 2017]; root of context hierarchy
2017-03-28 18:26:31.104  INFO 13298 --- [    Test worker] f.a.AutowiredAnnotationBeanPostProcessor : JSR-330 'javax.inject.Inject' annotation found and supported for autowiring
2017-03-28 18:26:31.274  INFO 13298 --- [    Test worker] trationDelegate$BeanPostProcessorChecker : Bean 'configurationPropertiesRebinderAutoConfiguration' of type [class org.springframework.cloud.autoconfigure.ConfigurationPropertiesRebinderAutoConfiguration$$EnhancerBySpringCGLIB$$d79e8445] is not eligible for getting processed by all BeanPostProcessors (for example: not eligible for auto-proxying)

  .   ____          _            __ _ _
 /\\ / ___'_ __ _ _(_)_ __  __ _ \ \ \ \
( ( )\___ | '_ | '_| | '_ \/ _` | \ \ \ \
 \\/  ___)| |_)| | | | | || (_| |  ) ) ) )
  '  |____| .__|_| |_|_| |_\__, | / / / /
 =========|_|==============|___/=/_/_/_/
 :: Spring Boot ::        (v1.4.1.RELEASE)

2017-03-28 18:26:33.048  INFO 13298 --- [    Test worker] c.t.DummyServiceApplicationTests         : No active profile set, falling back to default profiles: default
2017-03-28 18:26:33.055  INFO 13298 --- [    Test worker] o.s.w.c.s.GenericWebApplicationContext   : Refreshing org.springframework.web.context.support.GenericWebApplicationContext@266101d2: startup date [Tue Mar 28 18:26:33 PDT 2017]; parent: org.springframework.context.annotation.AnnotationConfigApplicationContext@66a1b290
2017-03-28 18:26:37.835  INFO 13298 --- [    Test worker] o.s.b.f.s.DefaultListableBeanFactory     : Overriding bean definition for bean 'ignoredPathsWebSecurityConfigurerAdapter' with a different definition: replacing [Root bean: class [null]; scope=; abstract=false; lazyInit=false; autowireMode=3; dependencyCheck=0; autowireCandidate=true; primary=false; factoryBeanName=org.springframework.boot.autoconfigure.security.SpringBootWebSecurityConfiguration; factoryMethodName=ignoredPathsWebSecurityConfigurerAdapter; initMethodName=null; destroyMethodName=(inferred); defined in class path resource [org/springframework/boot/autoconfigure/security/SpringBootWebSecurityConfiguration.class]] with [Root bean: class [null]; scope=; abstract=false; lazyInit=false; autowireMode=3; dependencyCheck=0; autowireCandidate=true; primary=false; factoryBeanName=org.springframework.boot.actuate.autoconfigure.ManagementWebSecurityAutoConfiguration; factoryMethodName=ignoredPathsWebSecurityConfigurerAdapter; initMethodName=null; destroyMethodName=(inferred); defined in class path resource [org/springframework/boot/actuate/autoconfigure/ManagementWebSecurityAutoConfiguration.class]]
2017-03-28 18:26:38.638  WARN 13298 --- [    Test worker] o.s.c.a.ConfigurationClassPostProcessor  : Cannot enhance @Configuration bean definition 'refreshScope' since its singleton instance has been created too early. The typical cause is a non-static @Bean method with a BeanDefinitionRegistryPostProcessor return type: Consider declaring such methods as 'static'.
2017-03-28 18:26:39.568  INFO 13298 --- [    Test worker] o.s.cloud.context.scope.GenericScope     : BeanFactory id=f491c9d6-2ef1-394e-b471-0e48abb53ffc
2017-03-28 18:26:39.724  INFO 13298 --- [    Test worker] f.a.AutowiredAnnotationBeanPostProcessor : JSR-330 'javax.inject.Inject' annotation found and supported for autowiring
2017-03-28 18:26:39.865  INFO 13298 --- [    Test worker] trationDelegate$BeanPostProcessorChecker : Bean 'org.springframework.cloud.autoconfigure.ConfigurationPropertiesRebinderAutoConfiguration' of type [class org.springframework.cloud.autoconfigure.ConfigurationPropertiesRebinderAutoConfiguration$$EnhancerBySpringCGLIB$$d79e8445] is not eligible for getting processed by all BeanPostProcessors (for example: not eligible for auto-proxying)
2017-03-28 18:26:39.903  INFO 13298 --- [    Test worker] trationDelegate$BeanPostProcessorChecker : Bean 'org.springframework.cloud.autoconfigure.RefreshEndpointAutoConfiguration' of type [class org.springframework.cloud.autoconfigure.RefreshEndpointAutoConfiguration$$EnhancerBySpringCGLIB$$80fd863b] is not eligible for getting processed by all BeanPostProcessors (for example: not eligible for auto-proxying)
2017-03-28 18:26:42.536  INFO 13298 --- [    Test worker] s.w.s.m.m.a.RequestMappingHandlerAdapter : Looking for @ControllerAdvice: org.springframework.web.context.support.GenericWebApplicationContext@266101d2: startup date [Tue Mar 28 18:26:33 PDT 2017]; parent: org.springframework.context.annotation.AnnotationConfigApplicationContext@66a1b290
2017-03-28 18:26:42.834  INFO 13298 --- [    Test worker] s.w.s.m.m.a.RequestMappingHandlerMapping : Mapped "{[/],methods=[GET]}" onto public java.lang.String com.travismclarke.DummyServiceApplication$DummyController.helloWorld(java.security.Principal)
2017-03-28 18:26:42.841  INFO 13298 --- [    Test worker] s.w.s.m.m.a.RequestMappingHandlerMapping : Mapped "{[/error]}" onto public org.springframework.http.ResponseEntity<java.util.Map<java.lang.String, java.lang.Object>> org.springframework.boot.autoconfigure.web.BasicErrorController.error(javax.servlet.http.HttpServletRequest)
2017-03-28 18:26:42.842  INFO 13298 --- [    Test worker] s.w.s.m.m.a.RequestMappingHandlerMapping : Mapped "{[/error],produces=[text/html]}" onto public org.springframework.web.servlet.ModelAndView org.springframework.boot.autoconfigure.web.BasicErrorController.errorHtml(javax.servlet.http.HttpServletRequest,javax.servlet.http.HttpServletResponse)
2017-03-28 18:26:42.929  INFO 13298 --- [    Test worker] o.s.w.s.handler.SimpleUrlHandlerMapping  : Mapped URL path [/webjars/**] onto handler of type [class org.springframework.web.servlet.resource.ResourceHttpRequestHandler]
2017-03-28 18:26:42.929  INFO 13298 --- [    Test worker] o.s.w.s.handler.SimpleUrlHandlerMapping  : Mapped URL path [/**] onto handler of type [class org.springframework.web.servlet.resource.ResourceHttpRequestHandler]
2017-03-28 18:26:43.066  INFO 13298 --- [    Test worker] o.s.w.s.handler.SimpleUrlHandlerMapping  : Mapped URL path [/**/favicon.ico] onto handler of type [class org.springframework.web.servlet.resource.ResourceHttpRequestHandler]
2017-03-28 18:26:44.382  INFO 13298 --- [    Test worker] b.a.s.AuthenticationManagerConfiguration : 

Using default security password: db2042ab-90cf-4b70-8436-7aa37f9d8e2b

2017-03-28 18:26:45.317  INFO 13298 --- [    Test worker] o.s.s.web.DefaultSecurityFilterChain     : Creating filter chain: OrRequestMatcher [requestMatchers=[Ant [pattern='/css/**'], Ant [pattern='/js/**'], Ant [pattern='/images/**'], Ant [pattern='/webjars/**'], Ant [pattern='/**/favicon.ico'], Ant [pattern='/error']]], []
2017-03-28 18:26:45.650  INFO 13298 --- [    Test worker] o.s.s.web.DefaultSecurityFilterChain     : Creating filter chain: org.springframework.security.web.util.matcher.AnyRequestMatcher@1, [org.springframework.security.web.context.request.async.WebAsyncManagerIntegrationFilter@1529eb83, org.springframework.security.web.context.SecurityContextPersistenceFilter@377c4206, org.springframework.security.web.header.HeaderWriterFilter@8858d0, org.springframework.security.web.authentication.logout.LogoutFilter@762897b, org.springframework.security.oauth2.provider.authentication.OAuth2AuthenticationProcessingFilter@2bfecd30, org.springframework.security.web.savedrequest.RequestCacheAwareFilter@4260a5b, org.springframework.security.web.servletapi.SecurityContextHolderAwareRequestFilter@6345a66e, org.springframework.security.web.authentication.AnonymousAuthenticationFilter@77065240, org.springframework.security.web.session.SessionManagementFilter@16b7846e, org.springframework.security.web.access.ExceptionTranslationFilter@3e121af4, org.springframework.security.web.access.intercept.FilterSecurityInterceptor@6498727d]
2017-03-28 18:26:45.726  INFO 13298 --- [    Test worker] o.s.s.web.DefaultSecurityFilterChain     : Creating filter chain: org.springframework.boot.actuate.autoconfigure.ManagementWebSecurityAutoConfiguration$LazyEndpointPathRequestMatcher@2c23ac16, [org.springframework.security.web.context.request.async.WebAsyncManagerIntegrationFilter@c8cb8d, org.springframework.security.web.context.SecurityContextPersistenceFilter@44931cc9, org.springframework.security.web.header.HeaderWriterFilter@4c3890c, org.springframework.security.web.authentication.logout.LogoutFilter@22074f7d, org.springframework.security.web.authentication.www.BasicAuthenticationFilter@12afe330, org.springframework.security.web.savedrequest.RequestCacheAwareFilter@272545b6, org.springframework.security.web.servletapi.SecurityContextHolderAwareRequestFilter@3fb633b7, org.springframework.security.web.authentication.AnonymousAuthenticationFilter@6d130ec7, org.springframework.security.web.session.SessionManagementFilter@5531ffb, org.springframework.security.web.access.ExceptionTranslationFilter@51365c79, org.springframework.security.web.access.intercept.FilterSecurityInterceptor@1ede217a]
2017-03-28 18:26:45.780  INFO 13298 --- [    Test worker] o.s.s.web.DefaultSecurityFilterChain     : Creating filter chain: org.springframework.boot.autoconfigure.security.SpringBootWebSecurityConfiguration$ApplicationNoWebSecurityConfigurerAdapter$1@19b4f7bc, [org.springframework.security.web.context.request.async.WebAsyncManagerIntegrationFilter@7fbddddf, org.springframework.security.web.context.SecurityContextPersistenceFilter@44ac66c9, org.springframework.security.web.header.HeaderWriterFilter@7a99dd09, org.springframework.security.web.csrf.CsrfFilter@5cd45320, org.springframework.security.web.authentication.logout.LogoutFilter@3e89448a, org.springframework.security.web.savedrequest.RequestCacheAwareFilter@389bce83, org.springframework.security.web.servletapi.SecurityContextHolderAwareRequestFilter@c5e2d0c, org.springframework.security.web.authentication.AnonymousAuthenticationFilter@2f6a969, org.springframework.security.web.session.SessionManagementFilter@5e8d9d10, org.springframework.security.web.access.ExceptionTranslationFilter@4e165ba4]
2017-03-28 18:26:46.922  INFO 13298 --- [    Test worker] o.s.b.a.e.mvc.EndpointHandlerMapping     : Mapped "{[/features || /features.json],methods=[GET],produces=[application/json]}" onto public java.lang.Object org.springframework.boot.actuate.endpoint.mvc.EndpointMvcAdapter.invoke()
2017-03-28 18:26:46.924  INFO 13298 --- [    Test worker] o.s.b.a.e.mvc.EndpointHandlerMapping     : Mapped "{[/autoconfig || /autoconfig.json],methods=[GET],produces=[application/json]}" onto public java.lang.Object org.springframework.boot.actuate.endpoint.mvc.EndpointMvcAdapter.invoke()
2017-03-28 18:26:46.935  INFO 13298 --- [    Test worker] o.s.b.a.e.mvc.EndpointHandlerMapping     : Mapped "{[/refresh || /refresh.json],methods=[POST]}" onto public java.lang.Object org.springframework.cloud.endpoint.GenericPostableMvcEndpoint.invoke()
2017-03-28 18:26:46.956  INFO 13298 --- [    Test worker] o.s.b.a.e.mvc.EndpointHandlerMapping     : Mapped "{[/beans || /beans.json],methods=[GET],produces=[application/json]}" onto public java.lang.Object org.springframework.boot.actuate.endpoint.mvc.EndpointMvcAdapter.invoke()
2017-03-28 18:26:46.960  INFO 13298 --- [    Test worker] o.s.b.a.e.mvc.EndpointHandlerMapping     : Mapped "{[/restart || /restart.json],methods=[POST]}" onto public java.lang.Object org.springframework.cloud.context.restart.RestartMvcEndpoint.invoke()
2017-03-28 18:26:46.963  INFO 13298 --- [    Test worker] o.s.b.a.e.mvc.EndpointHandlerMapping     : Mapped "{[/dump || /dump.json],methods=[GET],produces=[application/json]}" onto public java.lang.Object org.springframework.boot.actuate.endpoint.mvc.EndpointMvcAdapter.invoke()
2017-03-28 18:26:46.964  INFO 13298 --- [    Test worker] o.s.b.a.e.mvc.EndpointHandlerMapping     : Mapped "{[/pause || /pause.json],methods=[POST]}" onto public java.lang.Object org.springframework.cloud.endpoint.GenericPostableMvcEndpoint.invoke()
2017-03-28 18:26:46.965  INFO 13298 --- [    Test worker] o.s.b.a.e.mvc.EndpointHandlerMapping     : Mapped "{[/info || /info.json],methods=[GET],produces=[application/json]}" onto public java.lang.Object org.springframework.boot.actuate.endpoint.mvc.EndpointMvcAdapter.invoke()
2017-03-28 18:26:46.966  INFO 13298 --- [    Test worker] o.s.b.a.e.mvc.EndpointHandlerMapping     : Mapped "{[/archaius || /archaius.json],methods=[GET],produces=[application/json]}" onto public java.lang.Object org.springframework.boot.actuate.endpoint.mvc.EndpointMvcAdapter.invoke()
2017-03-28 18:26:46.967  INFO 13298 --- [    Test worker] o.s.b.a.e.mvc.EndpointHandlerMapping     : Mapped "{[/health || /health.json],produces=[application/json]}" onto public java.lang.Object org.springframework.boot.actuate.endpoint.mvc.HealthMvcEndpoint.invoke(java.security.Principal)
2017-03-28 18:26:46.968  INFO 13298 --- [    Test worker] o.s.b.a.e.mvc.EndpointHandlerMapping     : Mapped "{[/mappings || /mappings.json],methods=[GET],produces=[application/json]}" onto public java.lang.Object org.springframework.boot.actuate.endpoint.mvc.EndpointMvcAdapter.invoke()
2017-03-28 18:26:46.969  INFO 13298 --- [    Test worker] o.s.b.a.e.mvc.EndpointHandlerMapping     : Mapped "{[/env],methods=[POST]}" onto public java.lang.Object org.springframework.cloud.context.environment.EnvironmentManagerMvcEndpoint.value(java.util.Map<java.lang.String, java.lang.String>)
2017-03-28 18:26:46.970  INFO 13298 --- [    Test worker] o.s.b.a.e.mvc.EndpointHandlerMapping     : Mapped "{[/env/reset],methods=[POST]}" onto public java.util.Map<java.lang.String, java.lang.Object> org.springframework.cloud.context.environment.EnvironmentManagerMvcEndpoint.reset()
2017-03-28 18:26:46.971  INFO 13298 --- [    Test worker] o.s.b.a.e.mvc.EndpointHandlerMapping     : Mapped "{[/trace || /trace.json],methods=[GET],produces=[application/json]}" onto public java.lang.Object org.springframework.boot.actuate.endpoint.mvc.EndpointMvcAdapter.invoke()
2017-03-28 18:26:46.972  INFO 13298 --- [    Test worker] o.s.b.a.e.mvc.EndpointHandlerMapping     : Mapped "{[/env/{name:.*}],methods=[GET],produces=[application/json]}" onto public java.lang.Object org.springframework.boot.actuate.endpoint.mvc.EnvironmentMvcEndpoint.value(java.lang.String)
2017-03-28 18:26:46.973  INFO 13298 --- [    Test worker] o.s.b.a.e.mvc.EndpointHandlerMapping     : Mapped "{[/env || /env.json],methods=[GET],produces=[application/json]}" onto public java.lang.Object org.springframework.boot.actuate.endpoint.mvc.EndpointMvcAdapter.invoke()
2017-03-28 18:26:46.974  INFO 13298 --- [    Test worker] o.s.b.a.e.mvc.EndpointHandlerMapping     : Mapped "{[/resume || /resume.json],methods=[POST]}" onto public java.lang.Object org.springframework.cloud.endpoint.GenericPostableMvcEndpoint.invoke()
2017-03-28 18:26:46.975  INFO 13298 --- [    Test worker] o.s.b.a.e.mvc.EndpointHandlerMapping     : Mapped "{[/configprops || /configprops.json],methods=[GET],produces=[application/json]}" onto public java.lang.Object org.springframework.boot.actuate.endpoint.mvc.EndpointMvcAdapter.invoke()
2017-03-28 18:26:46.976  INFO 13298 --- [    Test worker] o.s.b.a.e.mvc.EndpointHandlerMapping     : Mapped "{[/metrics/{name:.*}],methods=[GET],produces=[application/json]}" onto public java.lang.Object org.springframework.boot.actuate.endpoint.mvc.MetricsMvcEndpoint.value(java.lang.String)
2017-03-28 18:26:46.977  INFO 13298 --- [    Test worker] o.s.b.a.e.mvc.EndpointHandlerMapping     : Mapped "{[/metrics || /metrics.json],methods=[GET],produces=[application/json]}" onto public java.lang.Object org.springframework.boot.actuate.endpoint.mvc.EndpointMvcAdapter.invoke()
2017-03-28 18:26:47.503  WARN 13298 --- [    Test worker] c.n.c.sources.URLConfigurationSource     : No URLs will be polled as dynamic configuration sources.
2017-03-28 18:26:47.503  INFO 13298 --- [    Test worker] c.n.c.sources.URLConfigurationSource     : To enable URLs as dynamic configuration sources, define System property archaius.configurationSource.additionalUrls or make config.properties available on classpath.
2017-03-28 18:26:47.534  WARN 13298 --- [    Test worker] c.n.c.sources.URLConfigurationSource     : No URLs will be polled as dynamic configuration sources.
2017-03-28 18:26:47.535  INFO 13298 --- [    Test worker] c.n.c.sources.URLConfigurationSource     : To enable URLs as dynamic configuration sources, define System property archaius.configurationSource.additionalUrls or make config.properties available on classpath.
2017-03-28 18:26:48.738  INFO 13298 --- [    Test worker] o.s.c.support.DefaultLifecycleProcessor  : Starting beans in phase 0
2017-03-28 18:26:48.834  INFO 13298 --- [    Test worker] c.t.DummyServiceApplicationTests         : Started DummyServiceApplicationTests in 23.174 seconds (JVM running for 28.12)
]]></system-out>
    <system-err><![CDATA[]]></system-err>
</testsuite>
