<?xml version="1.0" encoding="UTF-8"?>
<testsuite name="com.kakawait.DummyServiceApplicationTests" tests="1" skipped="0" failures="0" errors="0" timestamp="2017-03-28T22:02:25" hostname="Travis-Clarke-MacBook-Pro.local" time="0.145">
  <properties/>
  <testcase name="contextLoads" classname="com.kakawait.DummyServiceApplicationTests" time="0.145"/>
  <system-out><![CDATA[15:02:07.063 [Test worker] DEBUG org.springframework.test.context.junit4.SpringJUnit4ClassRunner - SpringJUnit4ClassRunner constructor called with [class com.kakawait.DummyServiceApplicationTests]
15:02:07.080 [Test worker] DEBUG org.springframework.test.context.BootstrapUtils - Instantiating CacheAwareContextLoaderDelegate from class [org.springframework.test.context.cache.DefaultCacheAwareContextLoaderDelegate]
15:02:07.118 [Test worker] DEBUG org.springframework.test.context.BootstrapUtils - Instantiating BootstrapContext using constructor [public org.springframework.test.context.support.DefaultBootstrapContext(java.lang.Class,org.springframework.test.context.CacheAwareContextLoaderDelegate)]
15:02:07.200 [Test worker] DEBUG org.springframework.test.context.BootstrapUtils - Instantiating TestContextBootstrapper for test class [com.kakawait.DummyServiceApplicationTests] from class [org.springframework.boot.test.context.SpringBootTestContextBootstrapper]
15:02:07.240 [Test worker] INFO org.springframework.boot.test.context.SpringBootTestContextBootstrapper - Neither @ContextConfiguration nor @ContextHierarchy found for test class [com.kakawait.DummyServiceApplicationTests], using SpringBootContextLoader
15:02:07.246 [Test worker] DEBUG org.springframework.test.context.support.AbstractContextLoader - Did not detect default resource location for test class [com.kakawait.DummyServiceApplicationTests]: class path resource [com/kakawait/DummyServiceApplicationTests-context.xml] does not exist
15:02:07.247 [Test worker] DEBUG org.springframework.test.context.support.AbstractContextLoader - Did not detect default resource location for test class [com.kakawait.DummyServiceApplicationTests]: class path resource [com/kakawait/DummyServiceApplicationTestsContext.groovy] does not exist
15:02:07.248 [Test worker] INFO org.springframework.test.context.support.AbstractContextLoader - Could not detect default resource locations for test class [com.kakawait.DummyServiceApplicationTests]: no resource found for suffixes {-context.xml, Context.groovy}.
15:02:07.309 [Test worker] DEBUG org.springframework.test.context.support.ActiveProfilesUtils - Could not find an 'annotation declaring class' for annotation type [org.springframework.test.context.ActiveProfiles] and class [com.kakawait.DummyServiceApplicationTests]
15:02:07.372 [Test worker] DEBUG org.springframework.boot.test.context.SpringBootTestContextBootstrapper - @TestExecutionListeners is not present for class [com.kakawait.DummyServiceApplicationTests]: using defaults.
15:02:07.379 [Test worker] INFO org.springframework.boot.test.context.SpringBootTestContextBootstrapper - Loaded default TestExecutionListener class names from location [META-INF/spring.factories]: [org.springframework.boot.test.mock.mockito.MockitoTestExecutionListener, org.springframework.boot.test.mock.mockito.ResetMocksTestExecutionListener, org.springframework.boot.test.autoconfigure.restdocs.RestDocsTestExecutionListener, org.springframework.boot.test.autoconfigure.web.client.MockRestServiceServerResetTestExecutionListener, org.springframework.boot.test.autoconfigure.web.servlet.MockMvcPrintOnlyOnFailureTestExecutionListener, org.springframework.boot.test.autoconfigure.web.servlet.WebDriverTestExecutionListener, org.springframework.test.context.web.ServletTestExecutionListener, org.springframework.test.context.support.DirtiesContextBeforeModesTestExecutionListener, org.springframework.test.context.support.DependencyInjectionTestExecutionListener, org.springframework.test.context.support.DirtiesContextTestExecutionListener, org.springframework.test.context.transaction.TransactionalTestExecutionListener, org.springframework.test.context.jdbc.SqlScriptsTestExecutionListener]
15:02:07.395 [Test worker] INFO org.springframework.boot.test.context.SpringBootTestContextBootstrapper - Could not instantiate TestExecutionListener [org.springframework.test.context.jdbc.SqlScriptsTestExecutionListener]. Specify custom listener classes or make the default listener classes (and their required dependencies) available. Offending class: [org/springframework/transaction/interceptor/TransactionAttribute]
15:02:07.399 [Test worker] INFO org.springframework.boot.test.context.SpringBootTestContextBootstrapper - Could not instantiate TestExecutionListener [org.springframework.test.context.transaction.TransactionalTestExecutionListener]. Specify custom listener classes or make the default listener classes (and their required dependencies) available. Offending class: [org/springframework/transaction/interceptor/TransactionAttributeSource]
15:02:07.402 [Test worker] INFO org.springframework.boot.test.context.SpringBootTestContextBootstrapper - Using TestExecutionListeners: [org.springframework.test.context.web.ServletTestExecutionListener@2579b44e, org.springframework.test.context.support.DirtiesContextBeforeModesTestExecutionListener@17bd0dae, org.springframework.boot.test.autoconfigure.SpringBootDependencyInjectionTestExecutionListener@56071aaa, org.springframework.test.context.support.DirtiesContextTestExecutionListener@33c6aae0, org.springframework.boot.test.autoconfigure.web.servlet.MockMvcPrintOnlyOnFailureTestExecutionListener@5b75a312, org.springframework.boot.test.mock.mockito.MockitoTestExecutionListener@24da15af, org.springframework.boot.test.autoconfigure.web.servlet.WebDriverTestExecutionListener@4ae699d4, org.springframework.boot.test.mock.mockito.ResetMocksTestExecutionListener@4cf1abc2, org.springframework.boot.test.autoconfigure.web.client.MockRestServiceServerResetTestExecutionListener@3aeaec7d, org.springframework.boot.test.autoconfigure.restdocs.RestDocsTestExecutionListener@4ee9e1e2]
15:02:07.406 [Test worker] DEBUG org.springframework.test.annotation.ProfileValueUtils - Retrieved @ProfileValueSourceConfiguration [null] for test class [com.kakawait.DummyServiceApplicationTests]
15:02:07.407 [Test worker] DEBUG org.springframework.test.annotation.ProfileValueUtils - Retrieved ProfileValueSource type [class org.springframework.test.annotation.SystemProfileValueSource] for class [com.kakawait.DummyServiceApplicationTests]
15:02:07.409 [Test worker] DEBUG org.springframework.test.annotation.ProfileValueUtils - Retrieved @ProfileValueSourceConfiguration [null] for test class [com.kakawait.DummyServiceApplicationTests]
15:02:07.409 [Test worker] DEBUG org.springframework.test.annotation.ProfileValueUtils - Retrieved ProfileValueSource type [class org.springframework.test.annotation.SystemProfileValueSource] for class [com.kakawait.DummyServiceApplicationTests]
15:02:07.416 [Test worker] DEBUG org.springframework.test.context.support.AbstractDirtiesContextTestExecutionListener - Before test class: context [DefaultTestContext@47b7d560 testClass = DummyServiceApplicationTests, testInstance = [null], testMethod = [null], testException = [null], mergedContextConfiguration = [WebMergedContextConfiguration@26ff76bd testClass = DummyServiceApplicationTests, locations = '{}', classes = '{class com.kakawait.DummyServiceApplication, class com.kakawait.DummyServiceApplication}', contextInitializerClasses = '[]', activeProfiles = '{}', propertySourceLocations = '{}', propertySourceProperties = '{org.springframework.boot.test.context.SpringBootTestContextBootstrapper=true}', contextCustomizers = set[org.springframework.boot.test.context.SpringBootTestContextCustomizer@16c1261f, org.springframework.boot.test.context.filter.ExcludeFilterContextCustomizer@6db79aac, org.springframework.boot.test.mock.mockito.MockitoContextCustomizer@0, org.springframework.boot.test.autoconfigure.properties.PropertyMappingContextCustomizer@0, org.springframework.boot.test.autoconfigure.web.servlet.WebDriverContextCustomizerFactory$Customizer@294950f3, org.springframework.test.context.web.socket.MockServerContainerContextCustomizer@258176cc], resourceBasePath = 'src/main/webapp', contextLoader = 'org.springframework.boot.test.context.SpringBootContextLoader', parent = [null]]], class annotated with @DirtiesContext [false] with mode [null].
15:02:07.418 [Test worker] DEBUG org.springframework.test.annotation.ProfileValueUtils - Retrieved @ProfileValueSourceConfiguration [null] for test class [com.kakawait.DummyServiceApplicationTests]
15:02:07.418 [Test worker] DEBUG org.springframework.test.annotation.ProfileValueUtils - Retrieved ProfileValueSource type [class org.springframework.test.annotation.SystemProfileValueSource] for class [com.kakawait.DummyServiceApplicationTests]
15:02:07.565 [Test worker] DEBUG org.springframework.core.env.StandardEnvironment - Adding [systemProperties] PropertySource with lowest search precedence
15:02:07.566 [Test worker] DEBUG org.springframework.core.env.StandardEnvironment - Adding [systemEnvironment] PropertySource with lowest search precedence
15:02:07.567 [Test worker] DEBUG org.springframework.core.env.StandardEnvironment - Initialized StandardEnvironment with PropertySources [systemProperties,systemEnvironment]
15:02:07.573 [Test worker] DEBUG org.springframework.test.context.support.TestPropertySourceUtils - Adding inlined properties to environment: {spring.jmx.enabled=false, org.springframework.boot.test.context.SpringBootTestContextBootstrapper=true, server.port=-1}
15:02:07.574 [Test worker] DEBUG org.springframework.core.env.StandardEnvironment - Adding [Inlined Test Properties] PropertySource with highest search precedence
2017-03-28 15:02:09.027  INFO 6605 --- [    Test worker] s.c.a.AnnotationConfigApplicationContext : Refreshing org.springframework.context.annotation.AnnotationConfigApplicationContext@66a1b290: startup date [Tue Mar 28 15:02:08 PDT 2017]; root of context hierarchy
2017-03-28 15:02:09.763  INFO 6605 --- [    Test worker] f.a.AutowiredAnnotationBeanPostProcessor : JSR-330 'javax.inject.Inject' annotation found and supported for autowiring
2017-03-28 15:02:09.973  INFO 6605 --- [    Test worker] trationDelegate$BeanPostProcessorChecker : Bean 'configurationPropertiesRebinderAutoConfiguration' of type [class org.springframework.cloud.autoconfigure.ConfigurationPropertiesRebinderAutoConfiguration$$EnhancerBySpringCGLIB$$d79e8445] is not eligible for getting processed by all BeanPostProcessors (for example: not eligible for auto-proxying)

  .   ____          _            __ _ _
 /\\ / ___'_ __ _ _(_)_ __  __ _ \ \ \ \
( ( )\___ | '_ | '_| | '_ \/ _` | \ \ \ \
 \\/  ___)| |_)| | | | | || (_| |  ) ) ) )
  '  |____| .__|_| |_|_| |_\__, | / / / /
 =========|_|==============|___/=/_/_/_/
 :: Spring Boot ::        (v1.4.1.RELEASE)

2017-03-28 15:02:10.973  INFO 6605 --- [    Test worker] c.kakawait.DummyServiceApplicationTests  : No active profile set, falling back to default profiles: default
2017-03-28 15:02:10.984  INFO 6605 --- [    Test worker] o.s.w.c.s.GenericWebApplicationContext   : Refreshing org.springframework.web.context.support.GenericWebApplicationContext@266101d2: startup date [Tue Mar 28 15:02:10 PDT 2017]; parent: org.springframework.context.annotation.AnnotationConfigApplicationContext@66a1b290
2017-03-28 15:02:16.840  INFO 6605 --- [    Test worker] o.s.b.f.s.DefaultListableBeanFactory     : Overriding bean definition for bean 'ignoredPathsWebSecurityConfigurerAdapter' with a different definition: replacing [Root bean: class [null]; scope=; abstract=false; lazyInit=false; autowireMode=3; dependencyCheck=0; autowireCandidate=true; primary=false; factoryBeanName=org.springframework.boot.autoconfigure.security.SpringBootWebSecurityConfiguration; factoryMethodName=ignoredPathsWebSecurityConfigurerAdapter; initMethodName=null; destroyMethodName=(inferred); defined in class path resource [org/springframework/boot/autoconfigure/security/SpringBootWebSecurityConfiguration.class]] with [Root bean: class [null]; scope=; abstract=false; lazyInit=false; autowireMode=3; dependencyCheck=0; autowireCandidate=true; primary=false; factoryBeanName=org.springframework.boot.actuate.autoconfigure.ManagementWebSecurityAutoConfiguration; factoryMethodName=ignoredPathsWebSecurityConfigurerAdapter; initMethodName=null; destroyMethodName=(inferred); defined in class path resource [org/springframework/boot/actuate/autoconfigure/ManagementWebSecurityAutoConfiguration.class]]
2017-03-28 15:02:17.273  WARN 6605 --- [    Test worker] o.s.c.a.ConfigurationClassPostProcessor  : Cannot enhance @Configuration bean definition 'refreshScope' since its singleton instance has been created too early. The typical cause is a non-static @Bean method with a BeanDefinitionRegistryPostProcessor return type: Consider declaring such methods as 'static'.
2017-03-28 15:02:18.409  INFO 6605 --- [    Test worker] o.s.cloud.context.scope.GenericScope     : BeanFactory id=f491c9d6-2ef1-394e-b471-0e48abb53ffc
2017-03-28 15:02:18.595  INFO 6605 --- [    Test worker] f.a.AutowiredAnnotationBeanPostProcessor : JSR-330 'javax.inject.Inject' annotation found and supported for autowiring
2017-03-28 15:02:18.716  INFO 6605 --- [    Test worker] trationDelegate$BeanPostProcessorChecker : Bean 'org.springframework.cloud.autoconfigure.ConfigurationPropertiesRebinderAutoConfiguration' of type [class org.springframework.cloud.autoconfigure.ConfigurationPropertiesRebinderAutoConfiguration$$EnhancerBySpringCGLIB$$d79e8445] is not eligible for getting processed by all BeanPostProcessors (for example: not eligible for auto-proxying)
2017-03-28 15:02:18.730  INFO 6605 --- [    Test worker] trationDelegate$BeanPostProcessorChecker : Bean 'org.springframework.cloud.autoconfigure.RefreshEndpointAutoConfiguration' of type [class org.springframework.cloud.autoconfigure.RefreshEndpointAutoConfiguration$$EnhancerBySpringCGLIB$$80fd863b] is not eligible for getting processed by all BeanPostProcessors (for example: not eligible for auto-proxying)
2017-03-28 15:02:21.655  INFO 6605 --- [    Test worker] s.w.s.m.m.a.RequestMappingHandlerAdapter : Looking for @ControllerAdvice: org.springframework.web.context.support.GenericWebApplicationContext@266101d2: startup date [Tue Mar 28 15:02:10 PDT 2017]; parent: org.springframework.context.annotation.AnnotationConfigApplicationContext@66a1b290
2017-03-28 15:02:21.950  INFO 6605 --- [    Test worker] s.w.s.m.m.a.RequestMappingHandlerMapping : Mapped "{[/],methods=[GET]}" onto public java.lang.String com.kakawait.DummyServiceApplication$DummyController.helloWorld(java.security.Principal)
2017-03-28 15:02:21.954  INFO 6605 --- [    Test worker] s.w.s.m.m.a.RequestMappingHandlerMapping : Mapped "{[/error]}" onto public org.springframework.http.ResponseEntity<java.util.Map<java.lang.String, java.lang.Object>> org.springframework.boot.autoconfigure.web.BasicErrorController.error(javax.servlet.http.HttpServletRequest)
2017-03-28 15:02:21.955  INFO 6605 --- [    Test worker] s.w.s.m.m.a.RequestMappingHandlerMapping : Mapped "{[/error],produces=[text/html]}" onto public org.springframework.web.servlet.ModelAndView org.springframework.boot.autoconfigure.web.BasicErrorController.errorHtml(javax.servlet.http.HttpServletRequest,javax.servlet.http.HttpServletResponse)
2017-03-28 15:02:22.026  INFO 6605 --- [    Test worker] o.s.w.s.handler.SimpleUrlHandlerMapping  : Mapped URL path [/webjars/**] onto handler of type [class org.springframework.web.servlet.resource.ResourceHttpRequestHandler]
2017-03-28 15:02:22.026  INFO 6605 --- [    Test worker] o.s.w.s.handler.SimpleUrlHandlerMapping  : Mapped URL path [/**] onto handler of type [class org.springframework.web.servlet.resource.ResourceHttpRequestHandler]
2017-03-28 15:02:22.144  INFO 6605 --- [    Test worker] o.s.w.s.handler.SimpleUrlHandlerMapping  : Mapped URL path [/**/favicon.ico] onto handler of type [class org.springframework.web.servlet.resource.ResourceHttpRequestHandler]
2017-03-28 15:02:22.830  INFO 6605 --- [    Test worker] b.a.s.AuthenticationManagerConfiguration : 

Using default security password: f6c3e4fe-c993-40b9-83ee-246b6951e02f

2017-03-28 15:02:23.389  INFO 6605 --- [    Test worker] o.s.s.web.DefaultSecurityFilterChain     : Creating filter chain: OrRequestMatcher [requestMatchers=[Ant [pattern='/css/**'], Ant [pattern='/js/**'], Ant [pattern='/images/**'], Ant [pattern='/webjars/**'], Ant [pattern='/**/favicon.ico'], Ant [pattern='/error']]], []
2017-03-28 15:02:23.589  INFO 6605 --- [    Test worker] o.s.s.web.DefaultSecurityFilterChain     : Creating filter chain: org.springframework.security.web.util.matcher.AnyRequestMatcher@1, [org.springframework.security.web.context.request.async.WebAsyncManagerIntegrationFilter@77065240, org.springframework.security.web.context.SecurityContextPersistenceFilter@1dc22473, org.springframework.security.web.header.HeaderWriterFilter@2f906b76, org.springframework.security.web.authentication.logout.LogoutFilter@1e9ec1ac, org.springframework.security.oauth2.provider.authentication.OAuth2AuthenticationProcessingFilter@6aff2643, org.springframework.security.web.savedrequest.RequestCacheAwareFilter@ed1431b, org.springframework.security.web.servletapi.SecurityContextHolderAwareRequestFilter@6708f886, org.springframework.security.web.authentication.AnonymousAuthenticationFilter@234d3e89, org.springframework.security.web.session.SessionManagementFilter@43fb50c0, org.springframework.security.web.access.ExceptionTranslationFilter@3bd29cb3, org.springframework.security.web.access.intercept.FilterSecurityInterceptor@a7f3dc]
2017-03-28 15:02:23.621  INFO 6605 --- [    Test worker] o.s.s.web.DefaultSecurityFilterChain     : Creating filter chain: org.springframework.boot.actuate.autoconfigure.ManagementWebSecurityAutoConfiguration$LazyEndpointPathRequestMatcher@c8cb8d, [org.springframework.security.web.context.request.async.WebAsyncManagerIntegrationFilter@6d130ec7, org.springframework.security.web.context.SecurityContextPersistenceFilter@272545b6, org.springframework.security.web.header.HeaderWriterFilter@5531ffb, org.springframework.security.web.authentication.logout.LogoutFilter@7e2e7aa0, org.springframework.security.web.authentication.www.BasicAuthenticationFilter@349a7ab6, org.springframework.security.web.savedrequest.RequestCacheAwareFilter@3fb633b7, org.springframework.security.web.servletapi.SecurityContextHolderAwareRequestFilter@22074f7d, org.springframework.security.web.authentication.AnonymousAuthenticationFilter@abb9619, org.springframework.security.web.session.SessionManagementFilter@44931cc9, org.springframework.security.web.access.ExceptionTranslationFilter@4c3890c, org.springframework.security.web.access.intercept.FilterSecurityInterceptor@21d7214c]
2017-03-28 15:02:23.648  INFO 6605 --- [    Test worker] o.s.s.web.DefaultSecurityFilterChain     : Creating filter chain: org.springframework.boot.autoconfigure.security.SpringBootWebSecurityConfiguration$ApplicationNoWebSecurityConfigurerAdapter$1@7fbddddf, [org.springframework.security.web.context.request.async.WebAsyncManagerIntegrationFilter@2f6a969, org.springframework.security.web.context.SecurityContextPersistenceFilter@389bce83, org.springframework.security.web.header.HeaderWriterFilter@5e8d9d10, org.springframework.security.web.csrf.CsrfFilter@7bd9ec5b, org.springframework.security.web.authentication.logout.LogoutFilter@19b4f7bc, org.springframework.security.web.savedrequest.RequestCacheAwareFilter@c5e2d0c, org.springframework.security.web.servletapi.SecurityContextHolderAwareRequestFilter@3e89448a, org.springframework.security.web.authentication.AnonymousAuthenticationFilter@762f10a9, org.springframework.security.web.session.SessionManagementFilter@44ac66c9, org.springframework.security.web.access.ExceptionTranslationFilter@7a99dd09]
2017-03-28 15:02:24.514  INFO 6605 --- [    Test worker] o.s.b.a.e.mvc.EndpointHandlerMapping     : Mapped "{[/env/{name:.*}],methods=[GET],produces=[application/json]}" onto public java.lang.Object org.springframework.boot.actuate.endpoint.mvc.EnvironmentMvcEndpoint.value(java.lang.String)
2017-03-28 15:02:24.517  INFO 6605 --- [    Test worker] o.s.b.a.e.mvc.EndpointHandlerMapping     : Mapped "{[/env || /env.json],methods=[GET],produces=[application/json]}" onto public java.lang.Object org.springframework.boot.actuate.endpoint.mvc.EndpointMvcAdapter.invoke()
2017-03-28 15:02:24.522  INFO 6605 --- [    Test worker] o.s.b.a.e.mvc.EndpointHandlerMapping     : Mapped "{[/health || /health.json],produces=[application/json]}" onto public java.lang.Object org.springframework.boot.actuate.endpoint.mvc.HealthMvcEndpoint.invoke(java.security.Principal)
2017-03-28 15:02:24.524  INFO 6605 --- [    Test worker] o.s.b.a.e.mvc.EndpointHandlerMapping     : Mapped "{[/dump || /dump.json],methods=[GET],produces=[application/json]}" onto public java.lang.Object org.springframework.boot.actuate.endpoint.mvc.EndpointMvcAdapter.invoke()
2017-03-28 15:02:24.528  INFO 6605 --- [    Test worker] o.s.b.a.e.mvc.EndpointHandlerMapping     : Mapped "{[/mappings || /mappings.json],methods=[GET],produces=[application/json]}" onto public java.lang.Object org.springframework.boot.actuate.endpoint.mvc.EndpointMvcAdapter.invoke()
2017-03-28 15:02:24.529  INFO 6605 --- [    Test worker] o.s.b.a.e.mvc.EndpointHandlerMapping     : Mapped "{[/refresh || /refresh.json],methods=[POST]}" onto public java.lang.Object org.springframework.cloud.endpoint.GenericPostableMvcEndpoint.invoke()
2017-03-28 15:02:24.533  INFO 6605 --- [    Test worker] o.s.b.a.e.mvc.EndpointHandlerMapping     : Mapped "{[/restart || /restart.json],methods=[POST]}" onto public java.lang.Object org.springframework.cloud.context.restart.RestartMvcEndpoint.invoke()
2017-03-28 15:02:24.534  INFO 6605 --- [    Test worker] o.s.b.a.e.mvc.EndpointHandlerMapping     : Mapped "{[/trace || /trace.json],methods=[GET],produces=[application/json]}" onto public java.lang.Object org.springframework.boot.actuate.endpoint.mvc.EndpointMvcAdapter.invoke()
2017-03-28 15:02:24.535  INFO 6605 --- [    Test worker] o.s.b.a.e.mvc.EndpointHandlerMapping     : Mapped "{[/pause || /pause.json],methods=[POST]}" onto public java.lang.Object org.springframework.cloud.endpoint.GenericPostableMvcEndpoint.invoke()
2017-03-28 15:02:24.537  INFO 6605 --- [    Test worker] o.s.b.a.e.mvc.EndpointHandlerMapping     : Mapped "{[/beans || /beans.json],methods=[GET],produces=[application/json]}" onto public java.lang.Object org.springframework.boot.actuate.endpoint.mvc.EndpointMvcAdapter.invoke()
2017-03-28 15:02:24.538  INFO 6605 --- [    Test worker] o.s.b.a.e.mvc.EndpointHandlerMapping     : Mapped "{[/configprops || /configprops.json],methods=[GET],produces=[application/json]}" onto public java.lang.Object org.springframework.boot.actuate.endpoint.mvc.EndpointMvcAdapter.invoke()
2017-03-28 15:02:24.540  INFO 6605 --- [    Test worker] o.s.b.a.e.mvc.EndpointHandlerMapping     : Mapped "{[/features || /features.json],methods=[GET],produces=[application/json]}" onto public java.lang.Object org.springframework.boot.actuate.endpoint.mvc.EndpointMvcAdapter.invoke()
2017-03-28 15:02:24.542  INFO 6605 --- [    Test worker] o.s.b.a.e.mvc.EndpointHandlerMapping     : Mapped "{[/info || /info.json],methods=[GET],produces=[application/json]}" onto public java.lang.Object org.springframework.boot.actuate.endpoint.mvc.EndpointMvcAdapter.invoke()
2017-03-28 15:02:24.544  INFO 6605 --- [    Test worker] o.s.b.a.e.mvc.EndpointHandlerMapping     : Mapped "{[/metrics/{name:.*}],methods=[GET],produces=[application/json]}" onto public java.lang.Object org.springframework.boot.actuate.endpoint.mvc.MetricsMvcEndpoint.value(java.lang.String)
2017-03-28 15:02:24.545  INFO 6605 --- [    Test worker] o.s.b.a.e.mvc.EndpointHandlerMapping     : Mapped "{[/metrics || /metrics.json],methods=[GET],produces=[application/json]}" onto public java.lang.Object org.springframework.boot.actuate.endpoint.mvc.EndpointMvcAdapter.invoke()
2017-03-28 15:02:24.549  INFO 6605 --- [    Test worker] o.s.b.a.e.mvc.EndpointHandlerMapping     : Mapped "{[/autoconfig || /autoconfig.json],methods=[GET],produces=[application/json]}" onto public java.lang.Object org.springframework.boot.actuate.endpoint.mvc.EndpointMvcAdapter.invoke()
2017-03-28 15:02:24.551  INFO 6605 --- [    Test worker] o.s.b.a.e.mvc.EndpointHandlerMapping     : Mapped "{[/env],methods=[POST]}" onto public java.lang.Object org.springframework.cloud.context.environment.EnvironmentManagerMvcEndpoint.value(java.util.Map<java.lang.String, java.lang.String>)
2017-03-28 15:02:24.556  INFO 6605 --- [    Test worker] o.s.b.a.e.mvc.EndpointHandlerMapping     : Mapped "{[/env/reset],methods=[POST]}" onto public java.util.Map<java.lang.String, java.lang.Object> org.springframework.cloud.context.environment.EnvironmentManagerMvcEndpoint.reset()
2017-03-28 15:02:24.559  INFO 6605 --- [    Test worker] o.s.b.a.e.mvc.EndpointHandlerMapping     : Mapped "{[/resume || /resume.json],methods=[POST]}" onto public java.lang.Object org.springframework.cloud.endpoint.GenericPostableMvcEndpoint.invoke()
2017-03-28 15:02:24.560  INFO 6605 --- [    Test worker] o.s.b.a.e.mvc.EndpointHandlerMapping     : Mapped "{[/archaius || /archaius.json],methods=[GET],produces=[application/json]}" onto public java.lang.Object org.springframework.boot.actuate.endpoint.mvc.EndpointMvcAdapter.invoke()
2017-03-28 15:02:24.920  WARN 6605 --- [    Test worker] c.n.c.sources.URLConfigurationSource     : No URLs will be polled as dynamic configuration sources.
2017-03-28 15:02:24.920  INFO 6605 --- [    Test worker] c.n.c.sources.URLConfigurationSource     : To enable URLs as dynamic configuration sources, define System property archaius.configurationSource.additionalUrls or make config.properties available on classpath.
2017-03-28 15:02:24.935  WARN 6605 --- [    Test worker] c.n.c.sources.URLConfigurationSource     : No URLs will be polled as dynamic configuration sources.
2017-03-28 15:02:24.935  INFO 6605 --- [    Test worker] c.n.c.sources.URLConfigurationSource     : To enable URLs as dynamic configuration sources, define System property archaius.configurationSource.additionalUrls or make config.properties available on classpath.
2017-03-28 15:02:25.873  INFO 6605 --- [    Test worker] o.s.c.support.DefaultLifecycleProcessor  : Starting beans in phase 0
2017-03-28 15:02:25.916  INFO 6605 --- [    Test worker] c.kakawait.DummyServiceApplicationTests  : Started DummyServiceApplicationTests in 18.309 seconds (JVM running for 20.061)
]]></system-out>
  <system-err><![CDATA[]]></system-err>
</testsuite>
