<?xml version="1.0" encoding="UTF-8"?>
<testsuite name="com.kakawait.UaaServiceApplicationTests" tests="1" skipped="0" failures="0" errors="0" timestamp="2017-03-28T22:03:06" hostname="Travis-Clarke-MacBook-Pro.local" time="0.039">
  <properties/>
  <testcase name="contextLoads" classname="com.kakawait.UaaServiceApplicationTests" time="0.039"/>
  <system-out><![CDATA[15:02:50.093 [Test worker] DEBUG org.springframework.test.context.junit4.SpringJUnit4ClassRunner - SpringJUnit4ClassRunner constructor called with [class com.kakawait.UaaServiceApplicationTests]
15:02:50.117 [Test worker] DEBUG org.springframework.test.context.BootstrapUtils - Instantiating CacheAwareContextLoaderDelegate from class [org.springframework.test.context.cache.DefaultCacheAwareContextLoaderDelegate]
15:02:50.134 [Test worker] DEBUG org.springframework.test.context.BootstrapUtils - Instantiating BootstrapContext using constructor [public org.springframework.test.context.support.DefaultBootstrapContext(java.lang.Class,org.springframework.test.context.CacheAwareContextLoaderDelegate)]
15:02:50.190 [Test worker] DEBUG org.springframework.test.context.BootstrapUtils - Instantiating TestContextBootstrapper for test class [com.kakawait.UaaServiceApplicationTests] from class [org.springframework.boot.test.context.SpringBootTestContextBootstrapper]
15:02:50.216 [Test worker] INFO org.springframework.boot.test.context.SpringBootTestContextBootstrapper - Neither @ContextConfiguration nor @ContextHierarchy found for test class [com.kakawait.UaaServiceApplicationTests], using SpringBootContextLoader
15:02:50.224 [Test worker] DEBUG org.springframework.test.context.support.AbstractContextLoader - Did not detect default resource location for test class [com.kakawait.UaaServiceApplicationTests]: class path resource [com/kakawait/UaaServiceApplicationTests-context.xml] does not exist
15:02:50.228 [Test worker] DEBUG org.springframework.test.context.support.AbstractContextLoader - Did not detect default resource location for test class [com.kakawait.UaaServiceApplicationTests]: class path resource [com/kakawait/UaaServiceApplicationTestsContext.groovy] does not exist
15:02:50.229 [Test worker] INFO org.springframework.test.context.support.AbstractContextLoader - Could not detect default resource locations for test class [com.kakawait.UaaServiceApplicationTests]: no resource found for suffixes {-context.xml, Context.groovy}.
15:02:50.318 [Test worker] DEBUG org.springframework.test.context.support.ActiveProfilesUtils - Could not find an 'annotation declaring class' for annotation type [org.springframework.test.context.ActiveProfiles] and class [com.kakawait.UaaServiceApplicationTests]
15:02:50.417 [Test worker] DEBUG org.springframework.boot.test.context.SpringBootTestContextBootstrapper - @TestExecutionListeners is not present for class [com.kakawait.UaaServiceApplicationTests]: using defaults.
15:02:50.438 [Test worker] INFO org.springframework.boot.test.context.SpringBootTestContextBootstrapper - Loaded default TestExecutionListener class names from location [META-INF/spring.factories]: [org.springframework.boot.test.mock.mockito.MockitoTestExecutionListener, org.springframework.boot.test.mock.mockito.ResetMocksTestExecutionListener, org.springframework.boot.test.autoconfigure.restdocs.RestDocsTestExecutionListener, org.springframework.boot.test.autoconfigure.web.client.MockRestServiceServerResetTestExecutionListener, org.springframework.boot.test.autoconfigure.web.servlet.MockMvcPrintOnlyOnFailureTestExecutionListener, org.springframework.boot.test.autoconfigure.web.servlet.WebDriverTestExecutionListener, org.springframework.test.context.web.ServletTestExecutionListener, org.springframework.test.context.support.DirtiesContextBeforeModesTestExecutionListener, org.springframework.test.context.support.DependencyInjectionTestExecutionListener, org.springframework.test.context.support.DirtiesContextTestExecutionListener, org.springframework.test.context.transaction.TransactionalTestExecutionListener, org.springframework.test.context.jdbc.SqlScriptsTestExecutionListener]
15:02:50.507 [Test worker] INFO org.springframework.boot.test.context.SpringBootTestContextBootstrapper - Could not instantiate TestExecutionListener [org.springframework.test.context.transaction.TransactionalTestExecutionListener]. Specify custom listener classes or make the default listener classes (and their required dependencies) available. Offending class: [org/springframework/transaction/interceptor/TransactionAttributeSource]
15:02:50.508 [Test worker] INFO org.springframework.boot.test.context.SpringBootTestContextBootstrapper - Could not instantiate TestExecutionListener [org.springframework.test.context.jdbc.SqlScriptsTestExecutionListener]. Specify custom listener classes or make the default listener classes (and their required dependencies) available. Offending class: [org/springframework/transaction/interceptor/TransactionAttribute]
15:02:50.512 [Test worker] INFO org.springframework.boot.test.context.SpringBootTestContextBootstrapper - Using TestExecutionListeners: [org.springframework.test.context.web.ServletTestExecutionListener@b6a2cfa, org.springframework.test.context.support.DirtiesContextBeforeModesTestExecutionListener@5aebcac7, org.springframework.boot.test.autoconfigure.SpringBootDependencyInjectionTestExecutionListener@648de6de, org.springframework.test.context.support.DirtiesContextTestExecutionListener@67b1454b, org.springframework.boot.test.mock.mockito.MockitoTestExecutionListener@3d66a8bb, org.springframework.boot.test.autoconfigure.web.servlet.WebDriverTestExecutionListener@39dfe022, org.springframework.boot.test.autoconfigure.web.servlet.MockMvcPrintOnlyOnFailureTestExecutionListener@32ef4ad1, org.springframework.boot.test.mock.mockito.ResetMocksTestExecutionListener@5f19dada, org.springframework.boot.test.autoconfigure.restdocs.RestDocsTestExecutionListener@573292f2, org.springframework.boot.test.autoconfigure.web.client.MockRestServiceServerResetTestExecutionListener@112aa6c6]
15:02:50.518 [Test worker] DEBUG org.springframework.test.annotation.ProfileValueUtils - Retrieved @ProfileValueSourceConfiguration [null] for test class [com.kakawait.UaaServiceApplicationTests]
15:02:50.519 [Test worker] DEBUG org.springframework.test.annotation.ProfileValueUtils - Retrieved ProfileValueSource type [class org.springframework.test.annotation.SystemProfileValueSource] for class [com.kakawait.UaaServiceApplicationTests]
15:02:50.520 [Test worker] DEBUG org.springframework.test.annotation.ProfileValueUtils - Retrieved @ProfileValueSourceConfiguration [null] for test class [com.kakawait.UaaServiceApplicationTests]
15:02:50.521 [Test worker] DEBUG org.springframework.test.annotation.ProfileValueUtils - Retrieved ProfileValueSource type [class org.springframework.test.annotation.SystemProfileValueSource] for class [com.kakawait.UaaServiceApplicationTests]
15:02:50.531 [Test worker] DEBUG org.springframework.test.context.support.AbstractDirtiesContextTestExecutionListener - Before test class: context [DefaultTestContext@2842a5ac testClass = UaaServiceApplicationTests, testInstance = [null], testMethod = [null], testException = [null], mergedContextConfiguration = [WebMergedContextConfiguration@523fba5c testClass = UaaServiceApplicationTests, locations = '{}', classes = '{class com.kakawait.UaaServiceApplication, class com.kakawait.UaaServiceApplication}', contextInitializerClasses = '[]', activeProfiles = '{}', propertySourceLocations = '{}', propertySourceProperties = '{org.springframework.boot.test.context.SpringBootTestContextBootstrapper=true}', contextCustomizers = set[org.springframework.boot.test.context.SpringBootTestContextCustomizer@79f5c7e1, org.springframework.boot.test.context.filter.ExcludeFilterContextCustomizer@f093116, org.springframework.boot.test.mock.mockito.MockitoContextCustomizer@0, org.springframework.boot.test.autoconfigure.properties.PropertyMappingContextCustomizer@0, org.springframework.boot.test.autoconfigure.web.servlet.WebDriverContextCustomizerFactory$Customizer@3f1a01f4], resourceBasePath = 'src/main/webapp', contextLoader = 'org.springframework.boot.test.context.SpringBootContextLoader', parent = [null]]], class annotated with @DirtiesContext [false] with mode [null].
15:02:50.532 [Test worker] DEBUG org.springframework.test.annotation.ProfileValueUtils - Retrieved @ProfileValueSourceConfiguration [null] for test class [com.kakawait.UaaServiceApplicationTests]
15:02:50.532 [Test worker] DEBUG org.springframework.test.annotation.ProfileValueUtils - Retrieved ProfileValueSource type [class org.springframework.test.annotation.SystemProfileValueSource] for class [com.kakawait.UaaServiceApplicationTests]
15:02:50.807 [Test worker] DEBUG org.springframework.core.env.StandardEnvironment - Adding [systemProperties] PropertySource with lowest search precedence
15:02:50.807 [Test worker] DEBUG org.springframework.core.env.StandardEnvironment - Adding [systemEnvironment] PropertySource with lowest search precedence
15:02:50.808 [Test worker] DEBUG org.springframework.core.env.StandardEnvironment - Initialized StandardEnvironment with PropertySources [systemProperties,systemEnvironment]
15:02:50.813 [Test worker] DEBUG org.springframework.test.context.support.TestPropertySourceUtils - Adding inlined properties to environment: {spring.jmx.enabled=false, org.springframework.boot.test.context.SpringBootTestContextBootstrapper=true, server.port=-1}
15:02:50.813 [Test worker] DEBUG org.springframework.core.env.StandardEnvironment - Adding [Inlined Test Properties] PropertySource with highest search precedence
2017-03-28 15:02:51.905  INFO 6621 --- [    Test worker] s.c.a.AnnotationConfigApplicationContext : Refreshing org.springframework.context.annotation.AnnotationConfigApplicationContext@d222501: startup date [Tue Mar 28 15:02:51 PDT 2017]; root of context hierarchy
2017-03-28 15:02:52.770  INFO 6621 --- [    Test worker] f.a.AutowiredAnnotationBeanPostProcessor : JSR-330 'javax.inject.Inject' annotation found and supported for autowiring
2017-03-28 15:02:52.885  INFO 6621 --- [    Test worker] trationDelegate$BeanPostProcessorChecker : Bean 'configurationPropertiesRebinderAutoConfiguration' of type [class org.springframework.cloud.autoconfigure.ConfigurationPropertiesRebinderAutoConfiguration$$EnhancerBySpringCGLIB$$ecbeb2a7] is not eligible for getting processed by all BeanPostProcessors (for example: not eligible for auto-proxying)

  .   ____          _            __ _ _
 /\\ / ___'_ __ _ _(_)_ __  __ _ \ \ \ \
( ( )\___ | '_ | '_| | '_ \/ _` | \ \ \ \
 \\/  ___)| |_)| | | | | || (_| |  ) ) ) )
  '  |____| .__|_| |_|_| |_\__, | / / / /
 =========|_|==============|___/=/_/_/_/
 :: Spring Boot ::        (v1.4.1.RELEASE)

2017-03-28 15:02:53.907  INFO 6621 --- [    Test worker] com.kakawait.UaaServiceApplicationTests  : No active profile set, falling back to default profiles: default
2017-03-28 15:02:53.942  INFO 6621 --- [    Test worker] o.s.w.c.s.GenericWebApplicationContext   : Refreshing org.springframework.web.context.support.GenericWebApplicationContext@66f6148d: startup date [Tue Mar 28 15:02:53 PDT 2017]; parent: org.springframework.context.annotation.AnnotationConfigApplicationContext@d222501
2017-03-28 15:02:56.826  WARN 6621 --- [    Test worker] o.s.c.a.ConfigurationClassPostProcessor  : Cannot enhance @Configuration bean definition 'org.springframework.security.oauth2.config.annotation.web.configuration.AuthorizationServerEndpointsConfiguration$TokenKeyEndpointRegistrar' since its singleton instance has been created too early. The typical cause is a non-static @Bean method with a BeanDefinitionRegistryPostProcessor return type: Consider declaring such methods as 'static'.
2017-03-28 15:02:56.827  WARN 6621 --- [    Test worker] o.s.c.a.ConfigurationClassPostProcessor  : Cannot enhance @Configuration bean definition 'refreshScope' since its singleton instance has been created too early. The typical cause is a non-static @Bean method with a BeanDefinitionRegistryPostProcessor return type: Consider declaring such methods as 'static'.
2017-03-28 15:02:57.492  INFO 6621 --- [    Test worker] o.s.cloud.context.scope.GenericScope     : BeanFactory id=22c7f8fd-61cc-3eb5-b073-9e29cebd8d1f
2017-03-28 15:02:57.644  INFO 6621 --- [    Test worker] f.a.AutowiredAnnotationBeanPostProcessor : JSR-330 'javax.inject.Inject' annotation found and supported for autowiring
2017-03-28 15:02:57.764  INFO 6621 --- [    Test worker] trationDelegate$BeanPostProcessorChecker : Bean 'org.springframework.cloud.autoconfigure.ConfigurationPropertiesRebinderAutoConfiguration' of type [class org.springframework.cloud.autoconfigure.ConfigurationPropertiesRebinderAutoConfiguration$$EnhancerBySpringCGLIB$$ecbeb2a7] is not eligible for getting processed by all BeanPostProcessors (for example: not eligible for auto-proxying)
2017-03-28 15:02:58.400 DEBUG 6621 --- [    Test worker] eGlobalAuthenticationAutowiredConfigurer : Eagerly initializing {uaaServiceApplication=com.kakawait.UaaServiceApplication$$EnhancerBySpringCGLIB$$61c050ff@7d1a769b}
2017-03-28 15:02:59.953  INFO 6621 --- [    Test worker] o.s.s.o.p.t.s.JwtAccessTokenConverter    : Signing and verification RSA keys match
2017-03-28 15:03:00.106 DEBUG 6621 --- [    Test worker] .s.o.p.e.FrameworkEndpointHandlerMapping : Looking for request mappings in application context: org.springframework.web.context.support.GenericWebApplicationContext@66f6148d: startup date [Tue Mar 28 15:02:53 PDT 2017]; parent: org.springframework.context.annotation.AnnotationConfigApplicationContext@d222501
2017-03-28 15:03:00.130 DEBUG 6621 --- [    Test worker] .s.o.p.e.FrameworkEndpointHandlerMapping : 2 request handler methods found on class org.springframework.security.oauth2.provider.endpoint.AuthorizationEndpoint: {public org.springframework.web.servlet.ModelAndView org.springframework.security.oauth2.provider.endpoint.AuthorizationEndpoint.authorize(java.util.Map,java.util.Map,org.springframework.web.bind.support.SessionStatus,java.security.Principal)={[/oauth/authorize]}, public org.springframework.web.servlet.View org.springframework.security.oauth2.provider.endpoint.AuthorizationEndpoint.approveOrDeny(java.util.Map,java.util.Map,org.springframework.web.bind.support.SessionStatus,java.security.Principal)={[/oauth/authorize],methods=[POST],params=[user_oauth_approval]}}
2017-03-28 15:03:00.132  INFO 6621 --- [    Test worker] .s.o.p.e.FrameworkEndpointHandlerMapping : Mapped "{[/oauth/authorize]}" onto public org.springframework.web.servlet.ModelAndView org.springframework.security.oauth2.provider.endpoint.AuthorizationEndpoint.authorize(java.util.Map<java.lang.String, java.lang.Object>,java.util.Map<java.lang.String, java.lang.String>,org.springframework.web.bind.support.SessionStatus,java.security.Principal)
2017-03-28 15:03:00.133  INFO 6621 --- [    Test worker] .s.o.p.e.FrameworkEndpointHandlerMapping : Mapped "{[/oauth/authorize],methods=[POST],params=[user_oauth_approval]}" onto public org.springframework.web.servlet.View org.springframework.security.oauth2.provider.endpoint.AuthorizationEndpoint.approveOrDeny(java.util.Map<java.lang.String, java.lang.String>,java.util.Map<java.lang.String, ?>,org.springframework.web.bind.support.SessionStatus,java.security.Principal)
2017-03-28 15:03:00.136 DEBUG 6621 --- [    Test worker] .s.o.p.e.FrameworkEndpointHandlerMapping : 2 request handler methods found on class org.springframework.security.oauth2.provider.endpoint.TokenEndpoint: {public org.springframework.http.ResponseEntity org.springframework.security.oauth2.provider.endpoint.TokenEndpoint.getAccessToken(java.security.Principal,java.util.Map) throws org.springframework.web.HttpRequestMethodNotSupportedException={[/oauth/token],methods=[GET]}, public org.springframework.http.ResponseEntity org.springframework.security.oauth2.provider.endpoint.TokenEndpoint.postAccessToken(java.security.Principal,java.util.Map) throws org.springframework.web.HttpRequestMethodNotSupportedException={[/oauth/token],methods=[POST]}}
2017-03-28 15:03:00.136  INFO 6621 --- [    Test worker] .s.o.p.e.FrameworkEndpointHandlerMapping : Mapped "{[/oauth/token],methods=[GET]}" onto public org.springframework.http.ResponseEntity<org.springframework.security.oauth2.common.OAuth2AccessToken> org.springframework.security.oauth2.provider.endpoint.TokenEndpoint.getAccessToken(java.security.Principal,java.util.Map<java.lang.String, java.lang.String>) throws org.springframework.web.HttpRequestMethodNotSupportedException
2017-03-28 15:03:00.137  INFO 6621 --- [    Test worker] .s.o.p.e.FrameworkEndpointHandlerMapping : Mapped "{[/oauth/token],methods=[POST]}" onto public org.springframework.http.ResponseEntity<org.springframework.security.oauth2.common.OAuth2AccessToken> org.springframework.security.oauth2.provider.endpoint.TokenEndpoint.postAccessToken(java.security.Principal,java.util.Map<java.lang.String, java.lang.String>) throws org.springframework.web.HttpRequestMethodNotSupportedException
2017-03-28 15:03:00.138 DEBUG 6621 --- [    Test worker] .s.o.p.e.FrameworkEndpointHandlerMapping : 1 request handler methods found on class org.springframework.security.oauth2.provider.endpoint.CheckTokenEndpoint: {public java.util.Map org.springframework.security.oauth2.provider.endpoint.CheckTokenEndpoint.checkToken(java.lang.String)={[/oauth/check_token]}}
2017-03-28 15:03:00.139  INFO 6621 --- [    Test worker] .s.o.p.e.FrameworkEndpointHandlerMapping : Mapped "{[/oauth/check_token]}" onto public java.util.Map<java.lang.String, ?> org.springframework.security.oauth2.provider.endpoint.CheckTokenEndpoint.checkToken(java.lang.String)
2017-03-28 15:03:00.140 DEBUG 6621 --- [    Test worker] .s.o.p.e.FrameworkEndpointHandlerMapping : 1 request handler methods found on class org.springframework.security.oauth2.provider.endpoint.WhitelabelApprovalEndpoint: {public org.springframework.web.servlet.ModelAndView org.springframework.security.oauth2.provider.endpoint.WhitelabelApprovalEndpoint.getAccessConfirmation(java.util.Map,javax.servlet.http.HttpServletRequest) throws java.lang.Exception={[/oauth/confirm_access]}}
2017-03-28 15:03:00.140  INFO 6621 --- [    Test worker] .s.o.p.e.FrameworkEndpointHandlerMapping : Mapped "{[/oauth/confirm_access]}" onto public org.springframework.web.servlet.ModelAndView org.springframework.security.oauth2.provider.endpoint.WhitelabelApprovalEndpoint.getAccessConfirmation(java.util.Map<java.lang.String, java.lang.Object>,javax.servlet.http.HttpServletRequest) throws java.lang.Exception
2017-03-28 15:03:00.142 DEBUG 6621 --- [    Test worker] .s.o.p.e.FrameworkEndpointHandlerMapping : 1 request handler methods found on class org.springframework.security.oauth2.provider.endpoint.WhitelabelErrorEndpoint: {public org.springframework.web.servlet.ModelAndView org.springframework.security.oauth2.provider.endpoint.WhitelabelErrorEndpoint.handleError(javax.servlet.http.HttpServletRequest)={[/oauth/error]}}
2017-03-28 15:03:00.142  INFO 6621 --- [    Test worker] .s.o.p.e.FrameworkEndpointHandlerMapping : Mapped "{[/oauth/error]}" onto public org.springframework.web.servlet.ModelAndView org.springframework.security.oauth2.provider.endpoint.WhitelabelErrorEndpoint.handleError(javax.servlet.http.HttpServletRequest)
2017-03-28 15:03:00.148 DEBUG 6621 --- [    Test worker] .s.o.p.e.FrameworkEndpointHandlerMapping : 1 request handler methods found on class org.springframework.security.oauth2.provider.endpoint.TokenKeyEndpoint: {public java.util.Map org.springframework.security.oauth2.provider.endpoint.TokenKeyEndpoint.getKey(java.security.Principal)={[/oauth/token_key],methods=[GET]}}
2017-03-28 15:03:00.149  INFO 6621 --- [    Test worker] .s.o.p.e.FrameworkEndpointHandlerMapping : Mapped "{[/oauth/token_key],methods=[GET]}" onto public java.util.Map<java.lang.String, java.lang.String> org.springframework.security.oauth2.provider.endpoint.TokenKeyEndpoint.getKey(java.security.Principal)
2017-03-28 15:03:01.002  INFO 6621 --- [    Test worker] o.s.s.web.DefaultSecurityFilterChain     : Creating filter chain: OrRequestMatcher [requestMatchers=[Ant [pattern='/css/**'], Ant [pattern='/js/**'], Ant [pattern='/favicon.ico'], Ant [pattern='/webjars/**'], Ant [pattern='/error']]], []
2017-03-28 15:03:01.154 DEBUG 6621 --- [    Test worker] edFilterInvocationSecurityMetadataSource : Adding web access control expression 'fullyAuthenticated', for Ant [pattern='/oauth/token']
2017-03-28 15:03:01.159 DEBUG 6621 --- [    Test worker] edFilterInvocationSecurityMetadataSource : Adding web access control expression 'permitAll()', for Ant [pattern='/oauth/token_key']
2017-03-28 15:03:01.160 DEBUG 6621 --- [    Test worker] edFilterInvocationSecurityMetadataSource : Adding web access control expression 'isAuthenticated()', for Ant [pattern='/oauth/check_token']
2017-03-28 15:03:01.196 DEBUG 6621 --- [    Test worker] o.s.s.w.a.i.FilterSecurityInterceptor    : Validated configuration attributes
2017-03-28 15:03:01.206 DEBUG 6621 --- [    Test worker] o.s.s.w.a.i.FilterSecurityInterceptor    : Validated configuration attributes
2017-03-28 15:03:01.265  INFO 6621 --- [    Test worker] o.s.s.web.DefaultSecurityFilterChain     : Creating filter chain: OrRequestMatcher [requestMatchers=[Ant [pattern='/oauth/token'], Ant [pattern='/oauth/token_key'], Ant [pattern='/oauth/check_token']]], [org.springframework.security.web.context.request.async.WebAsyncManagerIntegrationFilter@38d321dd, org.springframework.security.web.context.SecurityContextPersistenceFilter@5a46b299, org.springframework.security.web.header.HeaderWriterFilter@1d5c33b, org.springframework.security.web.authentication.logout.LogoutFilter@6b45091d, org.springframework.security.web.authentication.www.BasicAuthenticationFilter@6327dce2, org.springframework.security.web.savedrequest.RequestCacheAwareFilter@65225a5a, org.springframework.security.web.servletapi.SecurityContextHolderAwareRequestFilter@308bf985, org.springframework.security.web.authentication.AnonymousAuthenticationFilter@654e3ae9, org.springframework.security.web.session.SessionManagementFilter@4151a906, org.springframework.security.web.access.ExceptionTranslationFilter@52aa9c48, org.springframework.security.web.access.intercept.FilterSecurityInterceptor@3623fd17]
2017-03-28 15:03:01.338 DEBUG 6621 --- [    Test worker] edFilterInvocationSecurityMetadataSource : Adding web access control expression 'permitAll', for ExactUrl [processUrl='/login?error']
2017-03-28 15:03:01.339 DEBUG 6621 --- [    Test worker] edFilterInvocationSecurityMetadataSource : Adding web access control expression 'permitAll', for ExactUrl [processUrl='/login']
2017-03-28 15:03:01.340 DEBUG 6621 --- [    Test worker] edFilterInvocationSecurityMetadataSource : Adding web access control expression 'permitAll', for ExactUrl [processUrl='/login']
2017-03-28 15:03:01.341 DEBUG 6621 --- [    Test worker] edFilterInvocationSecurityMetadataSource : Adding web access control expression 'authenticated', for org.springframework.security.web.util.matcher.AnyRequestMatcher@1
2017-03-28 15:03:01.343 DEBUG 6621 --- [    Test worker] o.s.s.w.a.i.FilterSecurityInterceptor    : Validated configuration attributes
2017-03-28 15:03:01.343 DEBUG 6621 --- [    Test worker] o.s.s.w.a.i.FilterSecurityInterceptor    : Validated configuration attributes
2017-03-28 15:03:01.344  INFO 6621 --- [    Test worker] o.s.s.web.DefaultSecurityFilterChain     : Creating filter chain: org.springframework.security.web.util.matcher.AnyRequestMatcher@1, [org.springframework.security.web.context.request.async.WebAsyncManagerIntegrationFilter@7e30d6e, org.springframework.security.web.context.SecurityContextPersistenceFilter@4360ca77, org.springframework.security.web.header.HeaderWriterFilter@5cef4ae5, org.springframework.security.web.csrf.CsrfFilter@2e3c4eca, org.springframework.security.web.authentication.logout.LogoutFilter@434b58f2, org.springframework.security.web.authentication.UsernamePasswordAuthenticationFilter@6bd019e, org.springframework.security.web.savedrequest.RequestCacheAwareFilter@3dc9b77f, org.springframework.security.web.servletapi.SecurityContextHolderAwareRequestFilter@1b577a41, org.springframework.security.web.authentication.AnonymousAuthenticationFilter@6d0b06fd, org.springframework.security.web.session.SessionManagementFilter@10e915ac, org.springframework.security.web.access.ExceptionTranslationFilter@76c102d6, org.springframework.security.web.access.intercept.FilterSecurityInterceptor@31bb707c]
2017-03-28 15:03:01.382 DEBUG 6621 --- [    Test worker] edFilterInvocationSecurityMetadataSource : Adding web access control expression 'permitAll', for org.springframework.boot.actuate.autoconfigure.ManagementWebSecurityAutoConfiguration$LazyEndpointPathRequestMatcher@70afaaa
2017-03-28 15:03:01.382 DEBUG 6621 --- [    Test worker] edFilterInvocationSecurityMetadataSource : Adding web access control expression 'hasAnyRole('ROLE_ADMIN')', for org.springframework.security.web.util.matcher.AnyRequestMatcher@1
2017-03-28 15:03:01.387 DEBUG 6621 --- [    Test worker] o.s.s.w.a.i.FilterSecurityInterceptor    : Validated configuration attributes
2017-03-28 15:03:01.387 DEBUG 6621 --- [    Test worker] o.s.s.w.a.i.FilterSecurityInterceptor    : Validated configuration attributes
2017-03-28 15:03:01.388  INFO 6621 --- [    Test worker] o.s.s.web.DefaultSecurityFilterChain     : Creating filter chain: org.springframework.boot.actuate.autoconfigure.ManagementWebSecurityAutoConfiguration$LazyEndpointPathRequestMatcher@1398f80c, [org.springframework.security.web.context.request.async.WebAsyncManagerIntegrationFilter@2f4d7f87, org.springframework.security.web.context.SecurityContextPersistenceFilter@42a6f9a5, org.springframework.security.web.header.HeaderWriterFilter@6be5d7ce, org.springframework.security.web.authentication.logout.LogoutFilter@72945e8c, org.springframework.security.web.authentication.www.BasicAuthenticationFilter@5147469c, org.springframework.security.web.savedrequest.RequestCacheAwareFilter@69e6af95, org.springframework.security.web.servletapi.SecurityContextHolderAwareRequestFilter@2cf84ec0, org.springframework.security.web.authentication.AnonymousAuthenticationFilter@68ea86d6, org.springframework.security.web.session.SessionManagementFilter@368d17e4, org.springframework.security.web.access.ExceptionTranslationFilter@22012d41, org.springframework.security.web.access.intercept.FilterSecurityInterceptor@6a85acb4]
2017-03-28 15:03:02.498  INFO 6621 --- [    Test worker] s.w.s.m.m.a.RequestMappingHandlerAdapter : Looking for @ControllerAdvice: org.springframework.web.context.support.GenericWebApplicationContext@66f6148d: startup date [Tue Mar 28 15:02:53 PDT 2017]; parent: org.springframework.context.annotation.AnnotationConfigApplicationContext@d222501
2017-03-28 15:03:02.659  INFO 6621 --- [    Test worker] s.w.s.m.m.a.RequestMappingHandlerMapping : Mapped "{[/error]}" onto public org.springframework.http.ResponseEntity<java.util.Map<java.lang.String, java.lang.Object>> org.springframework.boot.autoconfigure.web.BasicErrorController.error(javax.servlet.http.HttpServletRequest)
2017-03-28 15:03:02.660  INFO 6621 --- [    Test worker] s.w.s.m.m.a.RequestMappingHandlerMapping : Mapped "{[/error],produces=[text/html]}" onto public org.springframework.web.servlet.ModelAndView org.springframework.boot.autoconfigure.web.BasicErrorController.errorHtml(javax.servlet.http.HttpServletRequest,javax.servlet.http.HttpServletResponse)
2017-03-28 15:03:02.696  INFO 6621 --- [    Test worker] o.s.w.s.handler.SimpleUrlHandlerMapping  : Mapped URL path [/login] onto handler of type [class org.springframework.web.servlet.mvc.ParameterizableViewController]
2017-03-28 15:03:02.698  INFO 6621 --- [    Test worker] o.s.w.s.handler.SimpleUrlHandlerMapping  : Mapped URL path [/oauth/confirm_access] onto handler of type [class org.springframework.web.servlet.mvc.ParameterizableViewController]
2017-03-28 15:03:02.739  INFO 6621 --- [    Test worker] o.s.w.s.handler.SimpleUrlHandlerMapping  : Mapped URL path [/webjars/**] onto handler of type [class org.springframework.web.servlet.resource.ResourceHttpRequestHandler]
2017-03-28 15:03:02.739  INFO 6621 --- [    Test worker] o.s.w.s.handler.SimpleUrlHandlerMapping  : Mapped URL path [/**] onto handler of type [class org.springframework.web.servlet.resource.ResourceHttpRequestHandler]
2017-03-28 15:03:02.879  INFO 6621 --- [    Test worker] o.s.w.s.handler.SimpleUrlHandlerMapping  : Mapped URL path [/**/favicon.ico] onto handler of type [class org.springframework.web.servlet.resource.ResourceHttpRequestHandler]
2017-03-28 15:03:04.378  INFO 6621 --- [    Test worker] o.s.b.a.e.mvc.EndpointHandlerMapping     : Mapped "{[/health || /health.json],produces=[application/json]}" onto public java.lang.Object org.springframework.boot.actuate.endpoint.mvc.HealthMvcEndpoint.invoke(java.security.Principal)
2017-03-28 15:03:04.383  INFO 6621 --- [    Test worker] o.s.b.a.e.mvc.EndpointHandlerMapping     : Mapped "{[/env/{name:.*}],methods=[GET],produces=[application/json]}" onto public java.lang.Object org.springframework.boot.actuate.endpoint.mvc.EnvironmentMvcEndpoint.value(java.lang.String)
2017-03-28 15:03:04.384  INFO 6621 --- [    Test worker] o.s.b.a.e.mvc.EndpointHandlerMapping     : Mapped "{[/env || /env.json],methods=[GET],produces=[application/json]}" onto public java.lang.Object org.springframework.boot.actuate.endpoint.mvc.EndpointMvcAdapter.invoke()
2017-03-28 15:03:04.386  INFO 6621 --- [    Test worker] o.s.b.a.e.mvc.EndpointHandlerMapping     : Mapped "{[/mappings || /mappings.json],methods=[GET],produces=[application/json]}" onto public java.lang.Object org.springframework.boot.actuate.endpoint.mvc.EndpointMvcAdapter.invoke()
2017-03-28 15:03:04.388  INFO 6621 --- [    Test worker] o.s.b.a.e.mvc.EndpointHandlerMapping     : Mapped "{[/archaius || /archaius.json],methods=[GET],produces=[application/json]}" onto public java.lang.Object org.springframework.boot.actuate.endpoint.mvc.EndpointMvcAdapter.invoke()
2017-03-28 15:03:04.389  INFO 6621 --- [    Test worker] o.s.b.a.e.mvc.EndpointHandlerMapping     : Mapped "{[/resume || /resume.json],methods=[POST]}" onto public java.lang.Object org.springframework.cloud.endpoint.GenericPostableMvcEndpoint.invoke()
2017-03-28 15:03:04.391  INFO 6621 --- [    Test worker] o.s.b.a.e.mvc.EndpointHandlerMapping     : Mapped "{[/heapdump || /heapdump.json],methods=[GET],produces=[application/octet-stream]}" onto public void org.springframework.boot.actuate.endpoint.mvc.HeapdumpMvcEndpoint.invoke(boolean,javax.servlet.http.HttpServletRequest,javax.servlet.http.HttpServletResponse) throws java.io.IOException,javax.servlet.ServletException
2017-03-28 15:03:04.394  INFO 6621 --- [    Test worker] o.s.b.a.e.mvc.EndpointHandlerMapping     : Mapped "{[/beans || /beans.json],methods=[GET],produces=[application/json]}" onto public java.lang.Object org.springframework.boot.actuate.endpoint.mvc.EndpointMvcAdapter.invoke()
2017-03-28 15:03:04.397  INFO 6621 --- [    Test worker] o.s.b.a.e.mvc.EndpointHandlerMapping     : Mapped "{[/pause || /pause.json],methods=[POST]}" onto public java.lang.Object org.springframework.cloud.endpoint.GenericPostableMvcEndpoint.invoke()
2017-03-28 15:03:04.400  INFO 6621 --- [    Test worker] o.s.b.a.e.mvc.EndpointHandlerMapping     : Mapped "{[/refresh || /refresh.json],methods=[POST]}" onto public java.lang.Object org.springframework.cloud.endpoint.GenericPostableMvcEndpoint.invoke()
2017-03-28 15:03:04.403  INFO 6621 --- [    Test worker] o.s.b.a.e.mvc.EndpointHandlerMapping     : Mapped "{[/configprops || /configprops.json],methods=[GET],produces=[application/json]}" onto public java.lang.Object org.springframework.boot.actuate.endpoint.mvc.EndpointMvcAdapter.invoke()
2017-03-28 15:03:04.405  INFO 6621 --- [    Test worker] o.s.b.a.e.mvc.EndpointHandlerMapping     : Mapped "{[/env],methods=[POST]}" onto public java.lang.Object org.springframework.cloud.context.environment.EnvironmentManagerMvcEndpoint.value(java.util.Map<java.lang.String, java.lang.String>)
2017-03-28 15:03:04.406  INFO 6621 --- [    Test worker] o.s.b.a.e.mvc.EndpointHandlerMapping     : Mapped "{[/env/reset],methods=[POST]}" onto public java.util.Map<java.lang.String, java.lang.Object> org.springframework.cloud.context.environment.EnvironmentManagerMvcEndpoint.reset()
2017-03-28 15:03:04.411  INFO 6621 --- [    Test worker] o.s.b.a.e.mvc.EndpointHandlerMapping     : Mapped "{[/metrics/{name:.*}],methods=[GET],produces=[application/json]}" onto public java.lang.Object org.springframework.boot.actuate.endpoint.mvc.MetricsMvcEndpoint.value(java.lang.String)
2017-03-28 15:03:04.413  INFO 6621 --- [    Test worker] o.s.b.a.e.mvc.EndpointHandlerMapping     : Mapped "{[/metrics || /metrics.json],methods=[GET],produces=[application/json]}" onto public java.lang.Object org.springframework.boot.actuate.endpoint.mvc.EndpointMvcAdapter.invoke()
2017-03-28 15:03:04.427  INFO 6621 --- [    Test worker] o.s.b.a.e.mvc.EndpointHandlerMapping     : Mapped "{[/trace || /trace.json],methods=[GET],produces=[application/json]}" onto public java.lang.Object org.springframework.boot.actuate.endpoint.mvc.EndpointMvcAdapter.invoke()
2017-03-28 15:03:04.429  INFO 6621 --- [    Test worker] o.s.b.a.e.mvc.EndpointHandlerMapping     : Mapped "{[/features || /features.json],methods=[GET],produces=[application/json]}" onto public java.lang.Object org.springframework.boot.actuate.endpoint.mvc.EndpointMvcAdapter.invoke()
2017-03-28 15:03:04.430  INFO 6621 --- [    Test worker] o.s.b.a.e.mvc.EndpointHandlerMapping     : Mapped "{[/autoconfig || /autoconfig.json],methods=[GET],produces=[application/json]}" onto public java.lang.Object org.springframework.boot.actuate.endpoint.mvc.EndpointMvcAdapter.invoke()
2017-03-28 15:03:04.432  INFO 6621 --- [    Test worker] o.s.b.a.e.mvc.EndpointHandlerMapping     : Mapped "{[/restart || /restart.json],methods=[POST]}" onto public java.lang.Object org.springframework.cloud.context.restart.RestartMvcEndpoint.invoke()
2017-03-28 15:03:04.433  INFO 6621 --- [    Test worker] o.s.b.a.e.mvc.EndpointHandlerMapping     : Mapped "{[/info || /info.json],methods=[GET],produces=[application/json]}" onto public java.lang.Object org.springframework.boot.actuate.endpoint.mvc.EndpointMvcAdapter.invoke()
2017-03-28 15:03:04.435  INFO 6621 --- [    Test worker] o.s.b.a.e.mvc.EndpointHandlerMapping     : Mapped "{[/dump || /dump.json],methods=[GET],produces=[application/json]}" onto public java.lang.Object org.springframework.boot.actuate.endpoint.mvc.EndpointMvcAdapter.invoke()
2017-03-28 15:03:04.838  INFO 6621 --- [    Test worker] o.s.w.s.v.f.FreeMarkerConfigurer         : ClassTemplateLoader for Spring macros added to FreeMarker configuration
2017-03-28 15:03:05.153  WARN 6621 --- [    Test worker] c.n.c.sources.URLConfigurationSource     : No URLs will be polled as dynamic configuration sources.
2017-03-28 15:03:05.155  INFO 6621 --- [    Test worker] c.n.c.sources.URLConfigurationSource     : To enable URLs as dynamic configuration sources, define System property archaius.configurationSource.additionalUrls or make config.properties available on classpath.
2017-03-28 15:03:05.195  WARN 6621 --- [    Test worker] c.n.c.sources.URLConfigurationSource     : No URLs will be polled as dynamic configuration sources.
2017-03-28 15:03:05.195  INFO 6621 --- [    Test worker] c.n.c.sources.URLConfigurationSource     : To enable URLs as dynamic configuration sources, define System property archaius.configurationSource.additionalUrls or make config.properties available on classpath.
2017-03-28 15:03:06.213  INFO 6621 --- [    Test worker] o.s.c.support.DefaultLifecycleProcessor  : Starting beans in phase 0
2017-03-28 15:03:06.290  INFO 6621 --- [    Test worker] com.kakawait.UaaServiceApplicationTests  : Started UaaServiceApplicationTests in 15.453 seconds (JVM running for 18.356)
]]></system-out>
  <system-err><![CDATA[]]></system-err>
</testsuite>
