<?xml version="1.0" encoding="UTF-8"?>
<testsuite name="com.travismclarke.UaaServiceApplicationTests" tests="1" skipped="0" failures="0" errors="0"
           timestamp="2017-03-29T01:27:35" hostname="Travis-Clarke-MacBook-Pro.local" time="0.021">
    <properties/>
    <testcase name="contextLoads" classname="com.travismclarke.UaaServiceApplicationTests" time="0.021"/>
    <system-out><![CDATA[18:27:16.753 [Test worker] DEBUG org.springframework.test.context.junit4.SpringJUnit4ClassRunner - SpringJUnit4ClassRunner constructor called with [class com.travismclarke.UaaServiceApplicationTests]
18:27:16.810 [Test worker] DEBUG org.springframework.test.context.BootstrapUtils - Instantiating CacheAwareContextLoaderDelegate from class [org.springframework.test.context.cache.DefaultCacheAwareContextLoaderDelegate]
18:27:16.851 [Test worker] DEBUG org.springframework.test.context.BootstrapUtils - Instantiating BootstrapContext using constructor [public org.springframework.test.context.support.DefaultBootstrapContext(java.lang.Class,org.springframework.test.context.CacheAwareContextLoaderDelegate)]
18:27:17.003 [Test worker] DEBUG org.springframework.test.context.BootstrapUtils - Instantiating TestContextBootstrapper for test class [com.travismclarke.UaaServiceApplicationTests] from class [org.springframework.boot.test.context.SpringBootTestContextBootstrapper]
18:27:17.050 [Test worker] INFO org.springframework.boot.test.context.SpringBootTestContextBootstrapper - Neither @ContextConfiguration nor @ContextHierarchy found for test class [com.travismclarke.UaaServiceApplicationTests], using SpringBootContextLoader
18:27:17.062 [Test worker] DEBUG org.springframework.test.context.support.AbstractContextLoader - Did not detect default resource location for test class [com.travismclarke.UaaServiceApplicationTests]: class path resource [com/travismclarke/UaaServiceApplicationTests-context.xml] does not exist
18:27:17.069 [Test worker] DEBUG org.springframework.test.context.support.AbstractContextLoader - Did not detect default resource location for test class [com.travismclarke.UaaServiceApplicationTests]: class path resource [com/travismclarke/UaaServiceApplicationTestsContext.groovy] does not exist
18:27:17.074 [Test worker] INFO org.springframework.test.context.support.AbstractContextLoader - Could not detect default resource locations for test class [com.travismclarke.UaaServiceApplicationTests]: no resource found for suffixes {-context.xml, Context.groovy}.
18:27:17.281 [Test worker] DEBUG org.springframework.test.context.support.ActiveProfilesUtils - Could not find an 'annotation declaring class' for annotation type [org.springframework.test.context.ActiveProfiles] and class [com.travismclarke.UaaServiceApplicationTests]
18:27:17.484 [Test worker] DEBUG org.springframework.boot.test.context.SpringBootTestContextBootstrapper - @TestExecutionListeners is not present for class [com.travismclarke.UaaServiceApplicationTests]: using defaults.
18:27:17.495 [Test worker] INFO org.springframework.boot.test.context.SpringBootTestContextBootstrapper - Loaded default TestExecutionListener class names from location [META-INF/spring.factories]: [org.springframework.boot.test.mock.mockito.MockitoTestExecutionListener, org.springframework.boot.test.mock.mockito.ResetMocksTestExecutionListener, org.springframework.boot.test.autoconfigure.restdocs.RestDocsTestExecutionListener, org.springframework.boot.test.autoconfigure.web.client.MockRestServiceServerResetTestExecutionListener, org.springframework.boot.test.autoconfigure.web.servlet.MockMvcPrintOnlyOnFailureTestExecutionListener, org.springframework.boot.test.autoconfigure.web.servlet.WebDriverTestExecutionListener, org.springframework.test.context.web.ServletTestExecutionListener, org.springframework.test.context.support.DirtiesContextBeforeModesTestExecutionListener, org.springframework.test.context.support.DependencyInjectionTestExecutionListener, org.springframework.test.context.support.DirtiesContextTestExecutionListener, org.springframework.test.context.transaction.TransactionalTestExecutionListener, org.springframework.test.context.jdbc.SqlScriptsTestExecutionListener]
18:27:17.546 [Test worker] INFO org.springframework.boot.test.context.SpringBootTestContextBootstrapper - Could not instantiate TestExecutionListener [org.springframework.test.context.transaction.TransactionalTestExecutionListener]. Specify custom listener classes or make the default listener classes (and their required dependencies) available. Offending class: [org/springframework/transaction/interceptor/TransactionAttributeSource]
18:27:17.555 [Test worker] INFO org.springframework.boot.test.context.SpringBootTestContextBootstrapper - Could not instantiate TestExecutionListener [org.springframework.test.context.jdbc.SqlScriptsTestExecutionListener]. Specify custom listener classes or make the default listener classes (and their required dependencies) available. Offending class: [org/springframework/transaction/interceptor/TransactionAttribute]
18:27:17.556 [Test worker] INFO org.springframework.boot.test.context.SpringBootTestContextBootstrapper - Using TestExecutionListeners: [org.springframework.test.context.web.ServletTestExecutionListener@6ce6028d, org.springframework.test.context.support.DirtiesContextBeforeModesTestExecutionListener@508de036, org.springframework.boot.test.autoconfigure.SpringBootDependencyInjectionTestExecutionListener@cfa6062, org.springframework.test.context.support.DirtiesContextTestExecutionListener@453ddd68, org.springframework.boot.test.mock.mockito.MockitoTestExecutionListener@19135d28, org.springframework.boot.test.autoconfigure.restdocs.RestDocsTestExecutionListener@2620826c, org.springframework.boot.test.autoconfigure.web.servlet.WebDriverTestExecutionListener@79861fba, org.springframework.boot.test.autoconfigure.web.client.MockRestServiceServerResetTestExecutionListener@527b4b7f, org.springframework.boot.test.autoconfigure.web.servlet.MockMvcPrintOnlyOnFailureTestExecutionListener@5102b605, org.springframework.boot.test.mock.mockito.ResetMocksTestExecutionListener@73936dab]
18:27:17.563 [Test worker] DEBUG org.springframework.test.annotation.ProfileValueUtils - Retrieved @ProfileValueSourceConfiguration [null] for test class [com.travismclarke.UaaServiceApplicationTests]
18:27:17.565 [Test worker] DEBUG org.springframework.test.annotation.ProfileValueUtils - Retrieved ProfileValueSource type [class org.springframework.test.annotation.SystemProfileValueSource] for class [com.travismclarke.UaaServiceApplicationTests]
18:27:17.567 [Test worker] DEBUG org.springframework.test.annotation.ProfileValueUtils - Retrieved @ProfileValueSourceConfiguration [null] for test class [com.travismclarke.UaaServiceApplicationTests]
18:27:17.568 [Test worker] DEBUG org.springframework.test.annotation.ProfileValueUtils - Retrieved ProfileValueSource type [class org.springframework.test.annotation.SystemProfileValueSource] for class [com.travismclarke.UaaServiceApplicationTests]
18:27:17.574 [Test worker] DEBUG org.springframework.test.context.support.AbstractDirtiesContextTestExecutionListener - Before test class: context [DefaultTestContext@53697d59 testClass = UaaServiceApplicationTests, testInstance = [null], testMethod = [null], testException = [null], mergedContextConfiguration = [WebMergedContextConfiguration@6c5aa13a testClass = UaaServiceApplicationTests, locations = '{}', classes = '{class com.travismclarke.UaaServiceApplication, class com.travismclarke.UaaServiceApplication}', contextInitializerClasses = '[]', activeProfiles = '{}', propertySourceLocations = '{}', propertySourceProperties = '{org.springframework.boot.test.context.SpringBootTestContextBootstrapper=true}', contextCustomizers = set[org.springframework.boot.test.context.SpringBootTestContextCustomizer@5eb68b9b, org.springframework.boot.test.context.filter.ExcludeFilterContextCustomizer@778f3f84, org.springframework.boot.test.mock.mockito.MockitoContextCustomizer@0, org.springframework.boot.test.autoconfigure.properties.PropertyMappingContextCustomizer@0, org.springframework.boot.test.autoconfigure.web.servlet.WebDriverContextCustomizerFactory$Customizer@180d6850], resourceBasePath = 'src/main/webapp', contextLoader = 'org.springframework.boot.test.context.SpringBootContextLoader', parent = [null]]], class annotated with @DirtiesContext [false] with mode [null].
18:27:17.576 [Test worker] DEBUG org.springframework.test.annotation.ProfileValueUtils - Retrieved @ProfileValueSourceConfiguration [null] for test class [com.travismclarke.UaaServiceApplicationTests]
18:27:17.576 [Test worker] DEBUG org.springframework.test.annotation.ProfileValueUtils - Retrieved ProfileValueSource type [class org.springframework.test.annotation.SystemProfileValueSource] for class [com.travismclarke.UaaServiceApplicationTests]
18:27:17.749 [Test worker] DEBUG org.springframework.core.env.StandardEnvironment - Adding [systemProperties] PropertySource with lowest search precedence
18:27:17.750 [Test worker] DEBUG org.springframework.core.env.StandardEnvironment - Adding [systemEnvironment] PropertySource with lowest search precedence
18:27:17.750 [Test worker] DEBUG org.springframework.core.env.StandardEnvironment - Initialized StandardEnvironment with PropertySources [systemProperties,systemEnvironment]
18:27:17.754 [Test worker] DEBUG org.springframework.test.context.support.TestPropertySourceUtils - Adding inlined properties to environment: {spring.jmx.enabled=false, org.springframework.boot.test.context.SpringBootTestContextBootstrapper=true, server.port=-1}
18:27:17.754 [Test worker] DEBUG org.springframework.core.env.StandardEnvironment - Adding [Inlined Test Properties] PropertySource with highest search precedence
2017-03-28 18:27:19.172  INFO 13338 --- [    Test worker] s.c.a.AnnotationConfigApplicationContext : Refreshing org.springframework.context.annotation.AnnotationConfigApplicationContext@1f2402b2: startup date [Tue Mar 28 18:27:19 PDT 2017]; root of context hierarchy
2017-03-28 18:27:19.944  INFO 13338 --- [    Test worker] f.a.AutowiredAnnotationBeanPostProcessor : JSR-330 'javax.inject.Inject' annotation found and supported for autowiring
2017-03-28 18:27:20.043  INFO 13338 --- [    Test worker] trationDelegate$BeanPostProcessorChecker : Bean 'configurationPropertiesRebinderAutoConfiguration' of type [class org.springframework.cloud.autoconfigure.ConfigurationPropertiesRebinderAutoConfiguration$$EnhancerBySpringCGLIB$$f738b335] is not eligible for getting processed by all BeanPostProcessors (for example: not eligible for auto-proxying)

  .   ____          _            __ _ _
 /\\ / ___'_ __ _ _(_)_ __  __ _ \ \ \ \
( ( )\___ | '_ | '_| | '_ \/ _` | \ \ \ \
 \\/  ___)| |_)| | | | | || (_| |  ) ) ) )
  '  |____| .__|_| |_|_| |_\__, | / / / /
 =========|_|==============|___/=/_/_/_/
 :: Spring Boot ::        (v1.4.1.RELEASE)

2017-03-28 18:27:21.137  INFO 13338 --- [    Test worker] c.t.UaaServiceApplicationTests           : No active profile set, falling back to default profiles: default
2017-03-28 18:27:21.152  INFO 13338 --- [    Test worker] o.s.w.c.s.GenericWebApplicationContext   : Refreshing org.springframework.web.context.support.GenericWebApplicationContext@132b42fb: startup date [Tue Mar 28 18:27:21 PDT 2017]; parent: org.springframework.context.annotation.AnnotationConfigApplicationContext@1f2402b2
2017-03-28 18:27:26.518  WARN 13338 --- [    Test worker] o.s.c.a.ConfigurationClassPostProcessor  : Cannot enhance @Configuration bean definition 'org.springframework.security.oauth2.config.annotation.web.configuration.AuthorizationServerEndpointsConfiguration$TokenKeyEndpointRegistrar' since its singleton instance has been created too early. The typical cause is a non-static @Bean method with a BeanDefinitionRegistryPostProcessor return type: Consider declaring such methods as 'static'.
2017-03-28 18:27:26.528  WARN 13338 --- [    Test worker] o.s.c.a.ConfigurationClassPostProcessor  : Cannot enhance @Configuration bean definition 'refreshScope' since its singleton instance has been created too early. The typical cause is a non-static @Bean method with a BeanDefinitionRegistryPostProcessor return type: Consider declaring such methods as 'static'.
2017-03-28 18:27:27.123  INFO 13338 --- [    Test worker] o.s.cloud.context.scope.GenericScope     : BeanFactory id=22c7f8fd-61cc-3eb5-b073-9e29cebd8d1f
2017-03-28 18:27:27.238  INFO 13338 --- [    Test worker] f.a.AutowiredAnnotationBeanPostProcessor : JSR-330 'javax.inject.Inject' annotation found and supported for autowiring
2017-03-28 18:27:27.317  INFO 13338 --- [    Test worker] trationDelegate$BeanPostProcessorChecker : Bean 'org.springframework.cloud.autoconfigure.ConfigurationPropertiesRebinderAutoConfiguration' of type [class org.springframework.cloud.autoconfigure.ConfigurationPropertiesRebinderAutoConfiguration$$EnhancerBySpringCGLIB$$f738b335] is not eligible for getting processed by all BeanPostProcessors (for example: not eligible for auto-proxying)
2017-03-28 18:27:27.915 DEBUG 13338 --- [    Test worker] eGlobalAuthenticationAutowiredConfigurer : Eagerly initializing {uaaServiceApplication=com.travismclarke.UaaServiceApplication$$EnhancerBySpringCGLIB$$3b454676@722d2e54}
2017-03-28 18:27:29.012  INFO 13338 --- [    Test worker] o.s.s.o.p.t.s.JwtAccessTokenConverter    : Signing and verification RSA keys match
2017-03-28 18:27:29.205 DEBUG 13338 --- [    Test worker] .s.o.p.e.FrameworkEndpointHandlerMapping : Looking for request mappings in application context: org.springframework.web.context.support.GenericWebApplicationContext@132b42fb: startup date [Tue Mar 28 18:27:21 PDT 2017]; parent: org.springframework.context.annotation.AnnotationConfigApplicationContext@1f2402b2
2017-03-28 18:27:29.231 DEBUG 13338 --- [    Test worker] .s.o.p.e.FrameworkEndpointHandlerMapping : 2 request handler methods found on class org.springframework.security.oauth2.provider.endpoint.AuthorizationEndpoint: {public org.springframework.web.servlet.ModelAndView org.springframework.security.oauth2.provider.endpoint.AuthorizationEndpoint.authorize(java.util.Map,java.util.Map,org.springframework.web.bind.support.SessionStatus,java.security.Principal)={[/oauth/authorize]}, public org.springframework.web.servlet.View org.springframework.security.oauth2.provider.endpoint.AuthorizationEndpoint.approveOrDeny(java.util.Map,java.util.Map,org.springframework.web.bind.support.SessionStatus,java.security.Principal)={[/oauth/authorize],methods=[POST],params=[user_oauth_approval]}}
2017-03-28 18:27:29.232  INFO 13338 --- [    Test worker] .s.o.p.e.FrameworkEndpointHandlerMapping : Mapped "{[/oauth/authorize]}" onto public org.springframework.web.servlet.ModelAndView org.springframework.security.oauth2.provider.endpoint.AuthorizationEndpoint.authorize(java.util.Map<java.lang.String, java.lang.Object>,java.util.Map<java.lang.String, java.lang.String>,org.springframework.web.bind.support.SessionStatus,java.security.Principal)
2017-03-28 18:27:29.234  INFO 13338 --- [    Test worker] .s.o.p.e.FrameworkEndpointHandlerMapping : Mapped "{[/oauth/authorize],methods=[POST],params=[user_oauth_approval]}" onto public org.springframework.web.servlet.View org.springframework.security.oauth2.provider.endpoint.AuthorizationEndpoint.approveOrDeny(java.util.Map<java.lang.String, java.lang.String>,java.util.Map<java.lang.String, ?>,org.springframework.web.bind.support.SessionStatus,java.security.Principal)
2017-03-28 18:27:29.237 DEBUG 13338 --- [    Test worker] .s.o.p.e.FrameworkEndpointHandlerMapping : 2 request handler methods found on class org.springframework.security.oauth2.provider.endpoint.TokenEndpoint: {public org.springframework.http.ResponseEntity org.springframework.security.oauth2.provider.endpoint.TokenEndpoint.getAccessToken(java.security.Principal,java.util.Map) throws org.springframework.web.HttpRequestMethodNotSupportedException={[/oauth/token],methods=[GET]}, public org.springframework.http.ResponseEntity org.springframework.security.oauth2.provider.endpoint.TokenEndpoint.postAccessToken(java.security.Principal,java.util.Map) throws org.springframework.web.HttpRequestMethodNotSupportedException={[/oauth/token],methods=[POST]}}
2017-03-28 18:27:29.238  INFO 13338 --- [    Test worker] .s.o.p.e.FrameworkEndpointHandlerMapping : Mapped "{[/oauth/token],methods=[GET]}" onto public org.springframework.http.ResponseEntity<org.springframework.security.oauth2.common.OAuth2AccessToken> org.springframework.security.oauth2.provider.endpoint.TokenEndpoint.getAccessToken(java.security.Principal,java.util.Map<java.lang.String, java.lang.String>) throws org.springframework.web.HttpRequestMethodNotSupportedException
2017-03-28 18:27:29.240  INFO 13338 --- [    Test worker] .s.o.p.e.FrameworkEndpointHandlerMapping : Mapped "{[/oauth/token],methods=[POST]}" onto public org.springframework.http.ResponseEntity<org.springframework.security.oauth2.common.OAuth2AccessToken> org.springframework.security.oauth2.provider.endpoint.TokenEndpoint.postAccessToken(java.security.Principal,java.util.Map<java.lang.String, java.lang.String>) throws org.springframework.web.HttpRequestMethodNotSupportedException
2017-03-28 18:27:29.241 DEBUG 13338 --- [    Test worker] .s.o.p.e.FrameworkEndpointHandlerMapping : 1 request handler methods found on class org.springframework.security.oauth2.provider.endpoint.CheckTokenEndpoint: {public java.util.Map org.springframework.security.oauth2.provider.endpoint.CheckTokenEndpoint.checkToken(java.lang.String)={[/oauth/check_token]}}
2017-03-28 18:27:29.242  INFO 13338 --- [    Test worker] .s.o.p.e.FrameworkEndpointHandlerMapping : Mapped "{[/oauth/check_token]}" onto public java.util.Map<java.lang.String, ?> org.springframework.security.oauth2.provider.endpoint.CheckTokenEndpoint.checkToken(java.lang.String)
2017-03-28 18:27:29.243 DEBUG 13338 --- [    Test worker] .s.o.p.e.FrameworkEndpointHandlerMapping : 1 request handler methods found on class org.springframework.security.oauth2.provider.endpoint.WhitelabelApprovalEndpoint: {public org.springframework.web.servlet.ModelAndView org.springframework.security.oauth2.provider.endpoint.WhitelabelApprovalEndpoint.getAccessConfirmation(java.util.Map,javax.servlet.http.HttpServletRequest) throws java.lang.Exception={[/oauth/confirm_access]}}
2017-03-28 18:27:29.244  INFO 13338 --- [    Test worker] .s.o.p.e.FrameworkEndpointHandlerMapping : Mapped "{[/oauth/confirm_access]}" onto public org.springframework.web.servlet.ModelAndView org.springframework.security.oauth2.provider.endpoint.WhitelabelApprovalEndpoint.getAccessConfirmation(java.util.Map<java.lang.String, java.lang.Object>,javax.servlet.http.HttpServletRequest) throws java.lang.Exception
2017-03-28 18:27:29.246 DEBUG 13338 --- [    Test worker] .s.o.p.e.FrameworkEndpointHandlerMapping : 1 request handler methods found on class org.springframework.security.oauth2.provider.endpoint.WhitelabelErrorEndpoint: {public org.springframework.web.servlet.ModelAndView org.springframework.security.oauth2.provider.endpoint.WhitelabelErrorEndpoint.handleError(javax.servlet.http.HttpServletRequest)={[/oauth/error]}}
2017-03-28 18:27:29.247  INFO 13338 --- [    Test worker] .s.o.p.e.FrameworkEndpointHandlerMapping : Mapped "{[/oauth/error]}" onto public org.springframework.web.servlet.ModelAndView org.springframework.security.oauth2.provider.endpoint.WhitelabelErrorEndpoint.handleError(javax.servlet.http.HttpServletRequest)
2017-03-28 18:27:29.254 DEBUG 13338 --- [    Test worker] .s.o.p.e.FrameworkEndpointHandlerMapping : 1 request handler methods found on class org.springframework.security.oauth2.provider.endpoint.TokenKeyEndpoint: {public java.util.Map org.springframework.security.oauth2.provider.endpoint.TokenKeyEndpoint.getKey(java.security.Principal)={[/oauth/token_key],methods=[GET]}}
2017-03-28 18:27:29.255  INFO 13338 --- [    Test worker] .s.o.p.e.FrameworkEndpointHandlerMapping : Mapped "{[/oauth/token_key],methods=[GET]}" onto public java.util.Map<java.lang.String, java.lang.String> org.springframework.security.oauth2.provider.endpoint.TokenKeyEndpoint.getKey(java.security.Principal)
2017-03-28 18:27:30.349  INFO 13338 --- [    Test worker] o.s.s.web.DefaultSecurityFilterChain     : Creating filter chain: OrRequestMatcher [requestMatchers=[Ant [pattern='/css/**'], Ant [pattern='/js/**'], Ant [pattern='/favicon.ico'], Ant [pattern='/webjars/**'], Ant [pattern='/error']]], []
2017-03-28 18:27:30.516 DEBUG 13338 --- [    Test worker] edFilterInvocationSecurityMetadataSource : Adding web access control expression 'fullyAuthenticated', for Ant [pattern='/oauth/token']
2017-03-28 18:27:30.519 DEBUG 13338 --- [    Test worker] edFilterInvocationSecurityMetadataSource : Adding web access control expression 'permitAll()', for Ant [pattern='/oauth/token_key']
2017-03-28 18:27:30.520 DEBUG 13338 --- [    Test worker] edFilterInvocationSecurityMetadataSource : Adding web access control expression 'isAuthenticated()', for Ant [pattern='/oauth/check_token']
2017-03-28 18:27:30.546 DEBUG 13338 --- [    Test worker] o.s.s.w.a.i.FilterSecurityInterceptor    : Validated configuration attributes
2017-03-28 18:27:30.548 DEBUG 13338 --- [    Test worker] o.s.s.w.a.i.FilterSecurityInterceptor    : Validated configuration attributes
2017-03-28 18:27:30.572  INFO 13338 --- [    Test worker] o.s.s.web.DefaultSecurityFilterChain     : Creating filter chain: OrRequestMatcher [requestMatchers=[Ant [pattern='/oauth/token'], Ant [pattern='/oauth/token_key'], Ant [pattern='/oauth/check_token']]], [org.springframework.security.web.context.request.async.WebAsyncManagerIntegrationFilter@6af85f20, org.springframework.security.web.context.SecurityContextPersistenceFilter@11ab43f6, org.springframework.security.web.header.HeaderWriterFilter@59189e93, org.springframework.security.web.authentication.logout.LogoutFilter@12bbfd85, org.springframework.security.web.authentication.www.BasicAuthenticationFilter@74b5d985, org.springframework.security.web.savedrequest.RequestCacheAwareFilter@a2781b1, org.springframework.security.web.servletapi.SecurityContextHolderAwareRequestFilter@79a3ec1a, org.springframework.security.web.authentication.AnonymousAuthenticationFilter@30dbda0b, org.springframework.security.web.session.SessionManagementFilter@548a50b8, org.springframework.security.web.access.ExceptionTranslationFilter@5014ca2b, org.springframework.security.web.access.intercept.FilterSecurityInterceptor@1ab2a7dd]
2017-03-28 18:27:30.621 DEBUG 13338 --- [    Test worker] edFilterInvocationSecurityMetadataSource : Adding web access control expression 'permitAll', for ExactUrl [processUrl='/login?error']
2017-03-28 18:27:30.623 DEBUG 13338 --- [    Test worker] edFilterInvocationSecurityMetadataSource : Adding web access control expression 'permitAll', for ExactUrl [processUrl='/login']
2017-03-28 18:27:30.623 DEBUG 13338 --- [    Test worker] edFilterInvocationSecurityMetadataSource : Adding web access control expression 'permitAll', for ExactUrl [processUrl='/login']
2017-03-28 18:27:30.623 DEBUG 13338 --- [    Test worker] edFilterInvocationSecurityMetadataSource : Adding web access control expression 'authenticated', for org.springframework.security.web.util.matcher.AnyRequestMatcher@1
2017-03-28 18:27:30.624 DEBUG 13338 --- [    Test worker] o.s.s.w.a.i.FilterSecurityInterceptor    : Validated configuration attributes
2017-03-28 18:27:30.625 DEBUG 13338 --- [    Test worker] o.s.s.w.a.i.FilterSecurityInterceptor    : Validated configuration attributes
2017-03-28 18:27:30.625  INFO 13338 --- [    Test worker] o.s.s.web.DefaultSecurityFilterChain     : Creating filter chain: org.springframework.security.web.util.matcher.AnyRequestMatcher@1, [org.springframework.security.web.context.request.async.WebAsyncManagerIntegrationFilter@4b0be9de, org.springframework.security.web.context.SecurityContextPersistenceFilter@4359b62, org.springframework.security.web.header.HeaderWriterFilter@427b2e8a, org.springframework.security.web.csrf.CsrfFilter@4a6b2d5c, org.springframework.security.web.authentication.logout.LogoutFilter@69c65166, org.springframework.security.web.authentication.UsernamePasswordAuthenticationFilter@418039b7, org.springframework.security.web.savedrequest.RequestCacheAwareFilter@6cf742fe, org.springframework.security.web.servletapi.SecurityContextHolderAwareRequestFilter@77e33e94, org.springframework.security.web.authentication.AnonymousAuthenticationFilter@29b044c6, org.springframework.security.web.session.SessionManagementFilter@51e9fa54, org.springframework.security.web.access.ExceptionTranslationFilter@61713b69, org.springframework.security.web.access.intercept.FilterSecurityInterceptor@28b26c7d]
2017-03-28 18:27:30.634 DEBUG 13338 --- [    Test worker] edFilterInvocationSecurityMetadataSource : Adding web access control expression 'permitAll', for org.springframework.boot.actuate.autoconfigure.ManagementWebSecurityAutoConfiguration$LazyEndpointPathRequestMatcher@3dedf0fa
2017-03-28 18:27:30.636 DEBUG 13338 --- [    Test worker] edFilterInvocationSecurityMetadataSource : Adding web access control expression 'hasAnyRole('ROLE_ADMIN')', for org.springframework.security.web.util.matcher.AnyRequestMatcher@1
2017-03-28 18:27:30.643 DEBUG 13338 --- [    Test worker] o.s.s.w.a.i.FilterSecurityInterceptor    : Validated configuration attributes
2017-03-28 18:27:30.644 DEBUG 13338 --- [    Test worker] o.s.s.w.a.i.FilterSecurityInterceptor    : Validated configuration attributes
2017-03-28 18:27:30.647  INFO 13338 --- [    Test worker] o.s.s.web.DefaultSecurityFilterChain     : Creating filter chain: org.springframework.boot.actuate.autoconfigure.ManagementWebSecurityAutoConfiguration$LazyEndpointPathRequestMatcher@7698da7b, [org.springframework.security.web.context.request.async.WebAsyncManagerIntegrationFilter@615f8aae, org.springframework.security.web.context.SecurityContextPersistenceFilter@5eac4cd6, org.springframework.security.web.header.HeaderWriterFilter@7a45a58f, org.springframework.security.web.authentication.logout.LogoutFilter@11bc6f3, org.springframework.security.web.authentication.www.BasicAuthenticationFilter@6f8b3c48, org.springframework.security.web.savedrequest.RequestCacheAwareFilter@6fa76a7f, org.springframework.security.web.servletapi.SecurityContextHolderAwareRequestFilter@3819d3d9, org.springframework.security.web.authentication.AnonymousAuthenticationFilter@38054223, org.springframework.security.web.session.SessionManagementFilter@773990, org.springframework.security.web.access.ExceptionTranslationFilter@3b414f6b, org.springframework.security.web.access.intercept.FilterSecurityInterceptor@3bfc4fe1]
2017-03-28 18:27:31.850  INFO 13338 --- [    Test worker] s.w.s.m.m.a.RequestMappingHandlerAdapter : Looking for @ControllerAdvice: org.springframework.web.context.support.GenericWebApplicationContext@132b42fb: startup date [Tue Mar 28 18:27:21 PDT 2017]; parent: org.springframework.context.annotation.AnnotationConfigApplicationContext@1f2402b2
2017-03-28 18:27:32.183  INFO 13338 --- [    Test worker] s.w.s.m.m.a.RequestMappingHandlerMapping : Mapped "{[/error]}" onto public org.springframework.http.ResponseEntity<java.util.Map<java.lang.String, java.lang.Object>> org.springframework.boot.autoconfigure.web.BasicErrorController.error(javax.servlet.http.HttpServletRequest)
2017-03-28 18:27:32.184  INFO 13338 --- [    Test worker] s.w.s.m.m.a.RequestMappingHandlerMapping : Mapped "{[/error],produces=[text/html]}" onto public org.springframework.web.servlet.ModelAndView org.springframework.boot.autoconfigure.web.BasicErrorController.errorHtml(javax.servlet.http.HttpServletRequest,javax.servlet.http.HttpServletResponse)
2017-03-28 18:27:32.285  INFO 13338 --- [    Test worker] o.s.w.s.handler.SimpleUrlHandlerMapping  : Mapped URL path [/login] onto handler of type [class org.springframework.web.servlet.mvc.ParameterizableViewController]
2017-03-28 18:27:32.286  INFO 13338 --- [    Test worker] o.s.w.s.handler.SimpleUrlHandlerMapping  : Mapped URL path [/oauth/confirm_access] onto handler of type [class org.springframework.web.servlet.mvc.ParameterizableViewController]
2017-03-28 18:27:32.346  INFO 13338 --- [    Test worker] o.s.w.s.handler.SimpleUrlHandlerMapping  : Mapped URL path [/webjars/**] onto handler of type [class org.springframework.web.servlet.resource.ResourceHttpRequestHandler]
2017-03-28 18:27:32.347  INFO 13338 --- [    Test worker] o.s.w.s.handler.SimpleUrlHandlerMapping  : Mapped URL path [/**] onto handler of type [class org.springframework.web.servlet.resource.ResourceHttpRequestHandler]
2017-03-28 18:27:32.463  INFO 13338 --- [    Test worker] o.s.w.s.handler.SimpleUrlHandlerMapping  : Mapped URL path [/**/favicon.ico] onto handler of type [class org.springframework.web.servlet.resource.ResourceHttpRequestHandler]
2017-03-28 18:27:33.826  INFO 13338 --- [    Test worker] o.s.b.a.e.mvc.EndpointHandlerMapping     : Mapped "{[/beans || /beans.json],methods=[GET],produces=[application/json]}" onto public java.lang.Object org.springframework.boot.actuate.endpoint.mvc.EndpointMvcAdapter.invoke()
2017-03-28 18:27:33.834  INFO 13338 --- [    Test worker] o.s.b.a.e.mvc.EndpointHandlerMapping     : Mapped "{[/heapdump || /heapdump.json],methods=[GET],produces=[application/octet-stream]}" onto public void org.springframework.boot.actuate.endpoint.mvc.HeapdumpMvcEndpoint.invoke(boolean,javax.servlet.http.HttpServletRequest,javax.servlet.http.HttpServletResponse) throws java.io.IOException,javax.servlet.ServletException
2017-03-28 18:27:33.836  INFO 13338 --- [    Test worker] o.s.b.a.e.mvc.EndpointHandlerMapping     : Mapped "{[/refresh || /refresh.json],methods=[POST]}" onto public java.lang.Object org.springframework.cloud.endpoint.GenericPostableMvcEndpoint.invoke()
2017-03-28 18:27:33.839  INFO 13338 --- [    Test worker] o.s.b.a.e.mvc.EndpointHandlerMapping     : Mapped "{[/mappings || /mappings.json],methods=[GET],produces=[application/json]}" onto public java.lang.Object org.springframework.boot.actuate.endpoint.mvc.EndpointMvcAdapter.invoke()
2017-03-28 18:27:33.840  INFO 13338 --- [    Test worker] o.s.b.a.e.mvc.EndpointHandlerMapping     : Mapped "{[/dump || /dump.json],methods=[GET],produces=[application/json]}" onto public java.lang.Object org.springframework.boot.actuate.endpoint.mvc.EndpointMvcAdapter.invoke()
2017-03-28 18:27:33.842  INFO 13338 --- [    Test worker] o.s.b.a.e.mvc.EndpointHandlerMapping     : Mapped "{[/archaius || /archaius.json],methods=[GET],produces=[application/json]}" onto public java.lang.Object org.springframework.boot.actuate.endpoint.mvc.EndpointMvcAdapter.invoke()
2017-03-28 18:27:33.845  INFO 13338 --- [    Test worker] o.s.b.a.e.mvc.EndpointHandlerMapping     : Mapped "{[/resume || /resume.json],methods=[POST]}" onto public java.lang.Object org.springframework.cloud.endpoint.GenericPostableMvcEndpoint.invoke()
2017-03-28 18:27:33.846  INFO 13338 --- [    Test worker] o.s.b.a.e.mvc.EndpointHandlerMapping     : Mapped "{[/info || /info.json],methods=[GET],produces=[application/json]}" onto public java.lang.Object org.springframework.boot.actuate.endpoint.mvc.EndpointMvcAdapter.invoke()
2017-03-28 18:27:33.851  INFO 13338 --- [    Test worker] o.s.b.a.e.mvc.EndpointHandlerMapping     : Mapped "{[/env/{name:.*}],methods=[GET],produces=[application/json]}" onto public java.lang.Object org.springframework.boot.actuate.endpoint.mvc.EnvironmentMvcEndpoint.value(java.lang.String)
2017-03-28 18:27:33.851  INFO 13338 --- [    Test worker] o.s.b.a.e.mvc.EndpointHandlerMapping     : Mapped "{[/env || /env.json],methods=[GET],produces=[application/json]}" onto public java.lang.Object org.springframework.boot.actuate.endpoint.mvc.EndpointMvcAdapter.invoke()
2017-03-28 18:27:33.852  INFO 13338 --- [    Test worker] o.s.b.a.e.mvc.EndpointHandlerMapping     : Mapped "{[/pause || /pause.json],methods=[POST]}" onto public java.lang.Object org.springframework.cloud.endpoint.GenericPostableMvcEndpoint.invoke()
2017-03-28 18:27:33.857  INFO 13338 --- [    Test worker] o.s.b.a.e.mvc.EndpointHandlerMapping     : Mapped "{[/autoconfig || /autoconfig.json],methods=[GET],produces=[application/json]}" onto public java.lang.Object org.springframework.boot.actuate.endpoint.mvc.EndpointMvcAdapter.invoke()
2017-03-28 18:27:33.858  INFO 13338 --- [    Test worker] o.s.b.a.e.mvc.EndpointHandlerMapping     : Mapped "{[/env],methods=[POST]}" onto public java.lang.Object org.springframework.cloud.context.environment.EnvironmentManagerMvcEndpoint.value(java.util.Map<java.lang.String, java.lang.String>)
2017-03-28 18:27:33.858  INFO 13338 --- [    Test worker] o.s.b.a.e.mvc.EndpointHandlerMapping     : Mapped "{[/env/reset],methods=[POST]}" onto public java.util.Map<java.lang.String, java.lang.Object> org.springframework.cloud.context.environment.EnvironmentManagerMvcEndpoint.reset()
2017-03-28 18:27:33.862  INFO 13338 --- [    Test worker] o.s.b.a.e.mvc.EndpointHandlerMapping     : Mapped "{[/features || /features.json],methods=[GET],produces=[application/json]}" onto public java.lang.Object org.springframework.boot.actuate.endpoint.mvc.EndpointMvcAdapter.invoke()
2017-03-28 18:27:33.864  INFO 13338 --- [    Test worker] o.s.b.a.e.mvc.EndpointHandlerMapping     : Mapped "{[/metrics/{name:.*}],methods=[GET],produces=[application/json]}" onto public java.lang.Object org.springframework.boot.actuate.endpoint.mvc.MetricsMvcEndpoint.value(java.lang.String)
2017-03-28 18:27:33.864  INFO 13338 --- [    Test worker] o.s.b.a.e.mvc.EndpointHandlerMapping     : Mapped "{[/metrics || /metrics.json],methods=[GET],produces=[application/json]}" onto public java.lang.Object org.springframework.boot.actuate.endpoint.mvc.EndpointMvcAdapter.invoke()
2017-03-28 18:27:33.866  INFO 13338 --- [    Test worker] o.s.b.a.e.mvc.EndpointHandlerMapping     : Mapped "{[/trace || /trace.json],methods=[GET],produces=[application/json]}" onto public java.lang.Object org.springframework.boot.actuate.endpoint.mvc.EndpointMvcAdapter.invoke()
2017-03-28 18:27:33.867  INFO 13338 --- [    Test worker] o.s.b.a.e.mvc.EndpointHandlerMapping     : Mapped "{[/restart || /restart.json],methods=[POST]}" onto public java.lang.Object org.springframework.cloud.context.restart.RestartMvcEndpoint.invoke()
2017-03-28 18:27:33.869  INFO 13338 --- [    Test worker] o.s.b.a.e.mvc.EndpointHandlerMapping     : Mapped "{[/configprops || /configprops.json],methods=[GET],produces=[application/json]}" onto public java.lang.Object org.springframework.boot.actuate.endpoint.mvc.EndpointMvcAdapter.invoke()
2017-03-28 18:27:33.870  INFO 13338 --- [    Test worker] o.s.b.a.e.mvc.EndpointHandlerMapping     : Mapped "{[/health || /health.json],produces=[application/json]}" onto public java.lang.Object org.springframework.boot.actuate.endpoint.mvc.HealthMvcEndpoint.invoke(java.security.Principal)
2017-03-28 18:27:34.184  INFO 13338 --- [    Test worker] o.s.w.s.v.f.FreeMarkerConfigurer         : ClassTemplateLoader for Spring macros added to FreeMarker configuration
2017-03-28 18:27:34.391  WARN 13338 --- [    Test worker] c.n.c.sources.URLConfigurationSource     : No URLs will be polled as dynamic configuration sources.
2017-03-28 18:27:34.391  INFO 13338 --- [    Test worker] c.n.c.sources.URLConfigurationSource     : To enable URLs as dynamic configuration sources, define System property archaius.configurationSource.additionalUrls or make config.properties available on classpath.
2017-03-28 18:27:34.406  WARN 13338 --- [    Test worker] c.n.c.sources.URLConfigurationSource     : No URLs will be polled as dynamic configuration sources.
2017-03-28 18:27:34.406  INFO 13338 --- [    Test worker] c.n.c.sources.URLConfigurationSource     : To enable URLs as dynamic configuration sources, define System property archaius.configurationSource.additionalUrls or make config.properties available on classpath.
2017-03-28 18:27:34.979  INFO 13338 --- [    Test worker] o.s.c.support.DefaultLifecycleProcessor  : Starting beans in phase 0
2017-03-28 18:27:35.024  INFO 13338 --- [    Test worker] c.t.UaaServiceApplicationTests           : Started UaaServiceApplicationTests in 17.246 seconds (JVM running for 20.01)
]]></system-out>
    <system-err><![CDATA[]]></system-err>
</testsuite>
